ARM GAS  C:\Users\BHUPEN~1\AppData\Local\Temp\ccLNXFli.s 			page 1


   1              		.cpu cortex-m0plus
   2              		.eabi_attribute 20, 1
   3              		.eabi_attribute 21, 1
   4              		.eabi_attribute 23, 3
   5              		.eabi_attribute 24, 1
   6              		.eabi_attribute 25, 1
   7              		.eabi_attribute 26, 1
   8              		.eabi_attribute 30, 1
   9              		.eabi_attribute 34, 0
  10              		.eabi_attribute 18, 4
  11              		.file	"gpio.c"
  12              		.text
  13              	.Ltext0:
  14              		.cfi_sections	.debug_frame
  15              		.section	.text.MX_GPIO_Init,"ax",%progbits
  16              		.align	1
  17              		.global	MX_GPIO_Init
  18              		.arch armv6s-m
  19              		.syntax unified
  20              		.code	16
  21              		.thumb_func
  22              		.fpu softvfp
  24              	MX_GPIO_Init:
  25              	.LFB230:
  26              		.file 1 "Core/Src/gpio.c"
   1:Core/Src/gpio.c **** /* USER CODE BEGIN Header */
   2:Core/Src/gpio.c **** /**
   3:Core/Src/gpio.c ****   ******************************************************************************
   4:Core/Src/gpio.c ****   * @file    gpio.c
   5:Core/Src/gpio.c ****   * @brief   This file provides code for the configuration
   6:Core/Src/gpio.c ****   *          of all used GPIO pins.
   7:Core/Src/gpio.c ****   ******************************************************************************
   8:Core/Src/gpio.c ****   * @attention
   9:Core/Src/gpio.c ****   *
  10:Core/Src/gpio.c ****   * Copyright (c) 2025 STMicroelectronics.
  11:Core/Src/gpio.c ****   * All rights reserved.
  12:Core/Src/gpio.c ****   *
  13:Core/Src/gpio.c ****   * This software is licensed under terms that can be found in the LICENSE file
  14:Core/Src/gpio.c ****   * in the root directory of this software component.
  15:Core/Src/gpio.c ****   * If no LICENSE file comes with this software, it is provided AS-IS.
  16:Core/Src/gpio.c ****   *
  17:Core/Src/gpio.c ****   ******************************************************************************
  18:Core/Src/gpio.c ****   */
  19:Core/Src/gpio.c **** /* USER CODE END Header */
  20:Core/Src/gpio.c **** 
  21:Core/Src/gpio.c **** /* Includes ------------------------------------------------------------------*/
  22:Core/Src/gpio.c **** #include "gpio.h"
  23:Core/Src/gpio.c **** 
  24:Core/Src/gpio.c **** /* USER CODE BEGIN 0 */
  25:Core/Src/gpio.c **** 
  26:Core/Src/gpio.c **** /* USER CODE END 0 */
  27:Core/Src/gpio.c **** 
  28:Core/Src/gpio.c **** /*----------------------------------------------------------------------------*/
  29:Core/Src/gpio.c **** /* Configure GPIO                                                             */
  30:Core/Src/gpio.c **** /*----------------------------------------------------------------------------*/
  31:Core/Src/gpio.c **** /* USER CODE BEGIN 1 */
  32:Core/Src/gpio.c **** 
ARM GAS  C:\Users\BHUPEN~1\AppData\Local\Temp\ccLNXFli.s 			page 2


  33:Core/Src/gpio.c **** /* USER CODE END 1 */
  34:Core/Src/gpio.c **** 
  35:Core/Src/gpio.c **** /** Configure pins as
  36:Core/Src/gpio.c ****         * Analog
  37:Core/Src/gpio.c ****         * Input
  38:Core/Src/gpio.c ****         * Output
  39:Core/Src/gpio.c ****         * EVENT_OUT
  40:Core/Src/gpio.c ****         * EXTI
  41:Core/Src/gpio.c **** */
  42:Core/Src/gpio.c **** void MX_GPIO_Init(void)
  43:Core/Src/gpio.c **** {
  27              		.loc 1 43 1 view -0
  28              		.cfi_startproc
  29              		@ args = 0, pretend = 0, frame = 32
  30              		@ frame_needed = 0, uses_anonymous_args = 0
  31 0000 70B5     		push	{r4, r5, r6, lr}
  32              	.LCFI0:
  33              		.cfi_def_cfa_offset 16
  34              		.cfi_offset 4, -16
  35              		.cfi_offset 5, -12
  36              		.cfi_offset 6, -8
  37              		.cfi_offset 14, -4
  38 0002 88B0     		sub	sp, sp, #32
  39              	.LCFI1:
  40              		.cfi_def_cfa_offset 48
  44:Core/Src/gpio.c **** 
  45:Core/Src/gpio.c ****   GPIO_InitTypeDef GPIO_InitStruct = {0};
  41              		.loc 1 45 3 view .LVU1
  42              		.loc 1 45 20 is_stmt 0 view .LVU2
  43 0004 1422     		movs	r2, #20
  44 0006 0021     		movs	r1, #0
  45 0008 03A8     		add	r0, sp, #12
  46 000a FFF7FEFF 		bl	memset
  47              	.LVL0:
  46:Core/Src/gpio.c **** 
  47:Core/Src/gpio.c ****   /* GPIO Ports Clock Enable */
  48:Core/Src/gpio.c ****   __HAL_RCC_GPIOF_CLK_ENABLE();
  48              		.loc 1 48 3 is_stmt 1 view .LVU3
  49              	.LBB2:
  50              		.loc 1 48 3 view .LVU4
  51              		.loc 1 48 3 view .LVU5
  52 000e 114B     		ldr	r3, .L2
  53 0010 5A6B     		ldr	r2, [r3, #52]
  54 0012 2025     		movs	r5, #32
  55 0014 2A43     		orrs	r2, r5
  56 0016 5A63     		str	r2, [r3, #52]
  57              		.loc 1 48 3 view .LVU6
  58 0018 5A6B     		ldr	r2, [r3, #52]
  59 001a 2A40     		ands	r2, r5
  60 001c 0192     		str	r2, [sp, #4]
  61              		.loc 1 48 3 view .LVU7
  62 001e 019A     		ldr	r2, [sp, #4]
  63              	.LBE2:
  64              		.loc 1 48 3 view .LVU8
  49:Core/Src/gpio.c ****   __HAL_RCC_GPIOA_CLK_ENABLE();
  65              		.loc 1 49 3 view .LVU9
  66              	.LBB3:
ARM GAS  C:\Users\BHUPEN~1\AppData\Local\Temp\ccLNXFli.s 			page 3


  67              		.loc 1 49 3 view .LVU10
  68              		.loc 1 49 3 view .LVU11
  69 0020 5A6B     		ldr	r2, [r3, #52]
  70 0022 0124     		movs	r4, #1
  71 0024 2243     		orrs	r2, r4
  72 0026 5A63     		str	r2, [r3, #52]
  73              		.loc 1 49 3 view .LVU12
  74 0028 5B6B     		ldr	r3, [r3, #52]
  75 002a 2340     		ands	r3, r4
  76 002c 0293     		str	r3, [sp, #8]
  77              		.loc 1 49 3 view .LVU13
  78 002e 029B     		ldr	r3, [sp, #8]
  79              	.LBE3:
  80              		.loc 1 49 3 view .LVU14
  50:Core/Src/gpio.c **** 
  51:Core/Src/gpio.c ****   /*Configure GPIO pin Output Level */
  52:Core/Src/gpio.c ****   HAL_GPIO_WritePin(GPIOA, GPIO_PIN_5, GPIO_PIN_RESET);
  81              		.loc 1 52 3 view .LVU15
  82 0030 A026     		movs	r6, #160
  83 0032 F605     		lsls	r6, r6, #23
  84 0034 0022     		movs	r2, #0
  85 0036 2021     		movs	r1, #32
  86 0038 3000     		movs	r0, r6
  87 003a FFF7FEFF 		bl	HAL_GPIO_WritePin
  88              	.LVL1:
  53:Core/Src/gpio.c **** 
  54:Core/Src/gpio.c ****   /*Configure GPIO pin : PA5 */
  55:Core/Src/gpio.c ****   GPIO_InitStruct.Pin = GPIO_PIN_5;
  89              		.loc 1 55 3 view .LVU16
  90              		.loc 1 55 23 is_stmt 0 view .LVU17
  91 003e 0395     		str	r5, [sp, #12]
  56:Core/Src/gpio.c ****   GPIO_InitStruct.Mode = GPIO_MODE_OUTPUT_PP;
  92              		.loc 1 56 3 is_stmt 1 view .LVU18
  93              		.loc 1 56 24 is_stmt 0 view .LVU19
  94 0040 0494     		str	r4, [sp, #16]
  57:Core/Src/gpio.c ****   GPIO_InitStruct.Pull = GPIO_NOPULL;
  95              		.loc 1 57 3 is_stmt 1 view .LVU20
  96              		.loc 1 57 24 is_stmt 0 view .LVU21
  97 0042 0023     		movs	r3, #0
  98 0044 0593     		str	r3, [sp, #20]
  58:Core/Src/gpio.c ****   GPIO_InitStruct.Speed = GPIO_SPEED_FREQ_LOW;
  99              		.loc 1 58 3 is_stmt 1 view .LVU22
 100              		.loc 1 58 25 is_stmt 0 view .LVU23
 101 0046 0693     		str	r3, [sp, #24]
  59:Core/Src/gpio.c ****   HAL_GPIO_Init(GPIOA, &GPIO_InitStruct);
 102              		.loc 1 59 3 is_stmt 1 view .LVU24
 103 0048 03A9     		add	r1, sp, #12
 104 004a 3000     		movs	r0, r6
 105 004c FFF7FEFF 		bl	HAL_GPIO_Init
 106              	.LVL2:
  60:Core/Src/gpio.c **** 
  61:Core/Src/gpio.c **** }
 107              		.loc 1 61 1 is_stmt 0 view .LVU25
 108 0050 08B0     		add	sp, sp, #32
 109              		@ sp needed
 110 0052 70BD     		pop	{r4, r5, r6, pc}
 111              	.L3:
ARM GAS  C:\Users\BHUPEN~1\AppData\Local\Temp\ccLNXFli.s 			page 4


 112              		.align	2
 113              	.L2:
 114 0054 00100240 		.word	1073876992
 115              		.cfi_endproc
 116              	.LFE230:
 118              		.text
 119              	.Letext0:
 120              		.file 2 "c:\\gcc-arm-none-eabi-10-2020-q4-major\\arm-none-eabi\\include\\machine\\_default_types.h
 121              		.file 3 "c:\\gcc-arm-none-eabi-10-2020-q4-major\\arm-none-eabi\\include\\sys\\_stdint.h"
 122              		.file 4 "Drivers/CMSIS/Device/ST/STM32C0xx/Include/stm32c092xx.h"
 123              		.file 5 "Drivers/STM32C0xx_HAL_Driver/Inc/stm32c0xx_hal_gpio.h"
 124              		.file 6 "<built-in>"
ARM GAS  C:\Users\BHUPEN~1\AppData\Local\Temp\ccLNXFli.s 			page 5


DEFINED SYMBOLS
                            *ABS*:00000000 gpio.c
C:\Users\BHUPEN~1\AppData\Local\Temp\ccLNXFli.s:16     .text.MX_GPIO_Init:00000000 $t
C:\Users\BHUPEN~1\AppData\Local\Temp\ccLNXFli.s:24     .text.MX_GPIO_Init:00000000 MX_GPIO_Init
C:\Users\BHUPEN~1\AppData\Local\Temp\ccLNXFli.s:114    .text.MX_GPIO_Init:00000054 $d

UNDEFINED SYMBOLS
memset
HAL_GPIO_WritePin
HAL_GPIO_Init
