ARM GAS  C:\Users\BHUPEN~1\AppData\Local\Temp\ccEdAhRd.s 			page 1


   1              		.cpu cortex-m0plus
   2              		.eabi_attribute 20, 1
   3              		.eabi_attribute 21, 1
   4              		.eabi_attribute 23, 3
   5              		.eabi_attribute 24, 1
   6              		.eabi_attribute 25, 1
   7              		.eabi_attribute 26, 1
   8              		.eabi_attribute 30, 1
   9              		.eabi_attribute 34, 0
  10              		.eabi_attribute 18, 4
  11              		.file	"stm32c0xx_hal_pwr_ex.c"
  12              		.text
  13              	.Ltext0:
  14              		.cfi_sections	.debug_frame
  15              		.section	.text.HAL_PWREx_EnableInternalWakeUpLine,"ax",%progbits
  16              		.align	1
  17              		.global	HAL_PWREx_EnableInternalWakeUpLine
  18              		.arch armv6s-m
  19              		.syntax unified
  20              		.code	16
  21              		.thumb_func
  22              		.fpu softvfp
  24              	HAL_PWREx_EnableInternalWakeUpLine:
  25              	.LFB230:
  26              		.file 1 "Drivers/STM32C0xx_HAL_Driver/Src/stm32c0xx_hal_pwr_ex.c"
   1:Drivers/STM32C0xx_HAL_Driver/Src/stm32c0xx_hal_pwr_ex.c **** /**
   2:Drivers/STM32C0xx_HAL_Driver/Src/stm32c0xx_hal_pwr_ex.c ****   ******************************************************************************
   3:Drivers/STM32C0xx_HAL_Driver/Src/stm32c0xx_hal_pwr_ex.c ****   * @file    stm32c0xx_hal_pwr_ex.c
   4:Drivers/STM32C0xx_HAL_Driver/Src/stm32c0xx_hal_pwr_ex.c ****   * @author  MCD Application Team
   5:Drivers/STM32C0xx_HAL_Driver/Src/stm32c0xx_hal_pwr_ex.c ****   * @brief   Extended PWR HAL module driver.
   6:Drivers/STM32C0xx_HAL_Driver/Src/stm32c0xx_hal_pwr_ex.c ****   *          This file provides firmware functions to manage the following
   7:Drivers/STM32C0xx_HAL_Driver/Src/stm32c0xx_hal_pwr_ex.c ****   *          functionalities of the Power Controller (PWR) peripheral:
   8:Drivers/STM32C0xx_HAL_Driver/Src/stm32c0xx_hal_pwr_ex.c ****   *           + Extended Initialization and de-initialization functions
   9:Drivers/STM32C0xx_HAL_Driver/Src/stm32c0xx_hal_pwr_ex.c ****   *           + Extended Peripheral Control functions
  10:Drivers/STM32C0xx_HAL_Driver/Src/stm32c0xx_hal_pwr_ex.c ****   *
  11:Drivers/STM32C0xx_HAL_Driver/Src/stm32c0xx_hal_pwr_ex.c ****   ******************************************************************************
  12:Drivers/STM32C0xx_HAL_Driver/Src/stm32c0xx_hal_pwr_ex.c ****   * @attention
  13:Drivers/STM32C0xx_HAL_Driver/Src/stm32c0xx_hal_pwr_ex.c ****   *
  14:Drivers/STM32C0xx_HAL_Driver/Src/stm32c0xx_hal_pwr_ex.c ****   * Copyright (c) 2022 STMicroelectronics.
  15:Drivers/STM32C0xx_HAL_Driver/Src/stm32c0xx_hal_pwr_ex.c ****   * All rights reserved.
  16:Drivers/STM32C0xx_HAL_Driver/Src/stm32c0xx_hal_pwr_ex.c ****   *
  17:Drivers/STM32C0xx_HAL_Driver/Src/stm32c0xx_hal_pwr_ex.c ****   * This software is licensed under terms that can be found in the LICENSE file
  18:Drivers/STM32C0xx_HAL_Driver/Src/stm32c0xx_hal_pwr_ex.c ****   * in the root directory of this software component.
  19:Drivers/STM32C0xx_HAL_Driver/Src/stm32c0xx_hal_pwr_ex.c ****   * If no LICENSE file comes with this software, it is provided AS-IS.
  20:Drivers/STM32C0xx_HAL_Driver/Src/stm32c0xx_hal_pwr_ex.c ****   *
  21:Drivers/STM32C0xx_HAL_Driver/Src/stm32c0xx_hal_pwr_ex.c ****   ******************************************************************************
  22:Drivers/STM32C0xx_HAL_Driver/Src/stm32c0xx_hal_pwr_ex.c ****   */
  23:Drivers/STM32C0xx_HAL_Driver/Src/stm32c0xx_hal_pwr_ex.c **** 
  24:Drivers/STM32C0xx_HAL_Driver/Src/stm32c0xx_hal_pwr_ex.c **** /* Includes ------------------------------------------------------------------*/
  25:Drivers/STM32C0xx_HAL_Driver/Src/stm32c0xx_hal_pwr_ex.c **** #include "stm32c0xx_hal.h"
  26:Drivers/STM32C0xx_HAL_Driver/Src/stm32c0xx_hal_pwr_ex.c **** 
  27:Drivers/STM32C0xx_HAL_Driver/Src/stm32c0xx_hal_pwr_ex.c **** /** @addtogroup STM32C0xx_HAL_Driver
  28:Drivers/STM32C0xx_HAL_Driver/Src/stm32c0xx_hal_pwr_ex.c ****   * @{
  29:Drivers/STM32C0xx_HAL_Driver/Src/stm32c0xx_hal_pwr_ex.c ****   */
  30:Drivers/STM32C0xx_HAL_Driver/Src/stm32c0xx_hal_pwr_ex.c **** 
  31:Drivers/STM32C0xx_HAL_Driver/Src/stm32c0xx_hal_pwr_ex.c **** /** @addtogroup PWREx
  32:Drivers/STM32C0xx_HAL_Driver/Src/stm32c0xx_hal_pwr_ex.c ****   * @{
ARM GAS  C:\Users\BHUPEN~1\AppData\Local\Temp\ccEdAhRd.s 			page 2


  33:Drivers/STM32C0xx_HAL_Driver/Src/stm32c0xx_hal_pwr_ex.c ****   */
  34:Drivers/STM32C0xx_HAL_Driver/Src/stm32c0xx_hal_pwr_ex.c **** 
  35:Drivers/STM32C0xx_HAL_Driver/Src/stm32c0xx_hal_pwr_ex.c **** #ifdef HAL_PWR_MODULE_ENABLED
  36:Drivers/STM32C0xx_HAL_Driver/Src/stm32c0xx_hal_pwr_ex.c **** 
  37:Drivers/STM32C0xx_HAL_Driver/Src/stm32c0xx_hal_pwr_ex.c **** /* Private typedef -----------------------------------------------------------*/
  38:Drivers/STM32C0xx_HAL_Driver/Src/stm32c0xx_hal_pwr_ex.c **** /* Private define ------------------------------------------------------------*/
  39:Drivers/STM32C0xx_HAL_Driver/Src/stm32c0xx_hal_pwr_ex.c **** /** @defgroup PWR_Extended_Private_Defines PWR Extended Private Defines
  40:Drivers/STM32C0xx_HAL_Driver/Src/stm32c0xx_hal_pwr_ex.c ****   * @{
  41:Drivers/STM32C0xx_HAL_Driver/Src/stm32c0xx_hal_pwr_ex.c ****   */
  42:Drivers/STM32C0xx_HAL_Driver/Src/stm32c0xx_hal_pwr_ex.c **** 
  43:Drivers/STM32C0xx_HAL_Driver/Src/stm32c0xx_hal_pwr_ex.c **** /** @defgroup PWREx_Gpio_Pin_Number  PWREx Gpio Pin Number
  44:Drivers/STM32C0xx_HAL_Driver/Src/stm32c0xx_hal_pwr_ex.c ****   * @{
  45:Drivers/STM32C0xx_HAL_Driver/Src/stm32c0xx_hal_pwr_ex.c ****   */
  46:Drivers/STM32C0xx_HAL_Driver/Src/stm32c0xx_hal_pwr_ex.c **** #define PWR_GPIO_PIN_NB                     16u  /*!< Number of gpio pin in bank */
  47:Drivers/STM32C0xx_HAL_Driver/Src/stm32c0xx_hal_pwr_ex.c **** /**
  48:Drivers/STM32C0xx_HAL_Driver/Src/stm32c0xx_hal_pwr_ex.c ****   * @}
  49:Drivers/STM32C0xx_HAL_Driver/Src/stm32c0xx_hal_pwr_ex.c ****   */
  50:Drivers/STM32C0xx_HAL_Driver/Src/stm32c0xx_hal_pwr_ex.c **** 
  51:Drivers/STM32C0xx_HAL_Driver/Src/stm32c0xx_hal_pwr_ex.c **** /**
  52:Drivers/STM32C0xx_HAL_Driver/Src/stm32c0xx_hal_pwr_ex.c ****   * @}
  53:Drivers/STM32C0xx_HAL_Driver/Src/stm32c0xx_hal_pwr_ex.c ****   */
  54:Drivers/STM32C0xx_HAL_Driver/Src/stm32c0xx_hal_pwr_ex.c **** 
  55:Drivers/STM32C0xx_HAL_Driver/Src/stm32c0xx_hal_pwr_ex.c **** /* Private macro -------------------------------------------------------------*/
  56:Drivers/STM32C0xx_HAL_Driver/Src/stm32c0xx_hal_pwr_ex.c **** /* Private variables ---------------------------------------------------------*/
  57:Drivers/STM32C0xx_HAL_Driver/Src/stm32c0xx_hal_pwr_ex.c **** /* Private function prototypes -----------------------------------------------*/
  58:Drivers/STM32C0xx_HAL_Driver/Src/stm32c0xx_hal_pwr_ex.c **** /* Exported functions --------------------------------------------------------*/
  59:Drivers/STM32C0xx_HAL_Driver/Src/stm32c0xx_hal_pwr_ex.c **** /** @addtogroup PWREx_Exported_Functions PWR Extended Exported Functions
  60:Drivers/STM32C0xx_HAL_Driver/Src/stm32c0xx_hal_pwr_ex.c ****   * @{
  61:Drivers/STM32C0xx_HAL_Driver/Src/stm32c0xx_hal_pwr_ex.c ****   */
  62:Drivers/STM32C0xx_HAL_Driver/Src/stm32c0xx_hal_pwr_ex.c **** 
  63:Drivers/STM32C0xx_HAL_Driver/Src/stm32c0xx_hal_pwr_ex.c **** /** @addtogroup PWREx_Exported_Functions_Group1 Extended Peripheral Control functions
  64:Drivers/STM32C0xx_HAL_Driver/Src/stm32c0xx_hal_pwr_ex.c ****   *  @brief   Extended Peripheral Control functions
  65:Drivers/STM32C0xx_HAL_Driver/Src/stm32c0xx_hal_pwr_ex.c ****   *
  66:Drivers/STM32C0xx_HAL_Driver/Src/stm32c0xx_hal_pwr_ex.c **** @verbatim
  67:Drivers/STM32C0xx_HAL_Driver/Src/stm32c0xx_hal_pwr_ex.c ****  ===============================================================================
  68:Drivers/STM32C0xx_HAL_Driver/Src/stm32c0xx_hal_pwr_ex.c ****   ##### Extended Peripheral Initialization and de-initialization functions #####
  69:Drivers/STM32C0xx_HAL_Driver/Src/stm32c0xx_hal_pwr_ex.c ****  ===============================================================================
  70:Drivers/STM32C0xx_HAL_Driver/Src/stm32c0xx_hal_pwr_ex.c ****     [..]
  71:Drivers/STM32C0xx_HAL_Driver/Src/stm32c0xx_hal_pwr_ex.c **** 
  72:Drivers/STM32C0xx_HAL_Driver/Src/stm32c0xx_hal_pwr_ex.c **** @endverbatim
  73:Drivers/STM32C0xx_HAL_Driver/Src/stm32c0xx_hal_pwr_ex.c ****   * @{
  74:Drivers/STM32C0xx_HAL_Driver/Src/stm32c0xx_hal_pwr_ex.c ****   */
  75:Drivers/STM32C0xx_HAL_Driver/Src/stm32c0xx_hal_pwr_ex.c **** 
  76:Drivers/STM32C0xx_HAL_Driver/Src/stm32c0xx_hal_pwr_ex.c **** #if defined (PWR_PVM_SUPPORT)
  77:Drivers/STM32C0xx_HAL_Driver/Src/stm32c0xx_hal_pwr_ex.c **** /**
  78:Drivers/STM32C0xx_HAL_Driver/Src/stm32c0xx_hal_pwr_ex.c ****   * @brief Enable the Power Voltage Monitoring for USB peripheral (power domain Vddio2)
  79:Drivers/STM32C0xx_HAL_Driver/Src/stm32c0xx_hal_pwr_ex.c ****   * @retval None
  80:Drivers/STM32C0xx_HAL_Driver/Src/stm32c0xx_hal_pwr_ex.c ****   */
  81:Drivers/STM32C0xx_HAL_Driver/Src/stm32c0xx_hal_pwr_ex.c **** void HAL_PWREx_EnablePVMUSB(void)
  82:Drivers/STM32C0xx_HAL_Driver/Src/stm32c0xx_hal_pwr_ex.c **** {
  83:Drivers/STM32C0xx_HAL_Driver/Src/stm32c0xx_hal_pwr_ex.c ****   SET_BIT(PWR->CR2, PWR_CR2_PVM_VDDIO2_0);
  84:Drivers/STM32C0xx_HAL_Driver/Src/stm32c0xx_hal_pwr_ex.c **** }
  85:Drivers/STM32C0xx_HAL_Driver/Src/stm32c0xx_hal_pwr_ex.c **** 
  86:Drivers/STM32C0xx_HAL_Driver/Src/stm32c0xx_hal_pwr_ex.c **** /**
  87:Drivers/STM32C0xx_HAL_Driver/Src/stm32c0xx_hal_pwr_ex.c ****   * @brief Disable the Power Voltage Monitoring for USB peripheral (power domain Vddio2)
  88:Drivers/STM32C0xx_HAL_Driver/Src/stm32c0xx_hal_pwr_ex.c ****   * @retval None
  89:Drivers/STM32C0xx_HAL_Driver/Src/stm32c0xx_hal_pwr_ex.c ****   */
ARM GAS  C:\Users\BHUPEN~1\AppData\Local\Temp\ccEdAhRd.s 			page 3


  90:Drivers/STM32C0xx_HAL_Driver/Src/stm32c0xx_hal_pwr_ex.c **** void HAL_PWREx_DisablePVMUSB(void)
  91:Drivers/STM32C0xx_HAL_Driver/Src/stm32c0xx_hal_pwr_ex.c **** {
  92:Drivers/STM32C0xx_HAL_Driver/Src/stm32c0xx_hal_pwr_ex.c ****   CLEAR_BIT(PWR->CR2, PWR_CR2_PVM_VDDIO2_0);
  93:Drivers/STM32C0xx_HAL_Driver/Src/stm32c0xx_hal_pwr_ex.c **** }
  94:Drivers/STM32C0xx_HAL_Driver/Src/stm32c0xx_hal_pwr_ex.c **** 
  95:Drivers/STM32C0xx_HAL_Driver/Src/stm32c0xx_hal_pwr_ex.c **** /**
  96:Drivers/STM32C0xx_HAL_Driver/Src/stm32c0xx_hal_pwr_ex.c ****   * @brief Configure the Peripheral Voltage Monitoring (PVM).
  97:Drivers/STM32C0xx_HAL_Driver/Src/stm32c0xx_hal_pwr_ex.c ****   * @param sConfigPVM: pointer to a PWR_PVMTypeDef structure that contains the
  98:Drivers/STM32C0xx_HAL_Driver/Src/stm32c0xx_hal_pwr_ex.c ****   *        PVM configuration information.
  99:Drivers/STM32C0xx_HAL_Driver/Src/stm32c0xx_hal_pwr_ex.c ****   * @note The API configures a single PVM according to the information contained
 100:Drivers/STM32C0xx_HAL_Driver/Src/stm32c0xx_hal_pwr_ex.c ****   *       in the input structure. To configure several PVMs, the API must be singly
 101:Drivers/STM32C0xx_HAL_Driver/Src/stm32c0xx_hal_pwr_ex.c ****   *       called for each PVM used.
 102:Drivers/STM32C0xx_HAL_Driver/Src/stm32c0xx_hal_pwr_ex.c ****   * @note Refer to the electrical characteristics of your device datasheet for
 103:Drivers/STM32C0xx_HAL_Driver/Src/stm32c0xx_hal_pwr_ex.c ****   *         more details about the voltage thresholds corresponding to each
 104:Drivers/STM32C0xx_HAL_Driver/Src/stm32c0xx_hal_pwr_ex.c ****   *         detection level and to each monitored supply.
 105:Drivers/STM32C0xx_HAL_Driver/Src/stm32c0xx_hal_pwr_ex.c ****   * @retval HAL status
 106:Drivers/STM32C0xx_HAL_Driver/Src/stm32c0xx_hal_pwr_ex.c ****   */
 107:Drivers/STM32C0xx_HAL_Driver/Src/stm32c0xx_hal_pwr_ex.c **** HAL_StatusTypeDef HAL_PWREx_ConfigPVM(PWR_PVMTypeDef *sConfigPVM)
 108:Drivers/STM32C0xx_HAL_Driver/Src/stm32c0xx_hal_pwr_ex.c **** {
 109:Drivers/STM32C0xx_HAL_Driver/Src/stm32c0xx_hal_pwr_ex.c ****   HAL_StatusTypeDef status = HAL_OK;
 110:Drivers/STM32C0xx_HAL_Driver/Src/stm32c0xx_hal_pwr_ex.c **** 
 111:Drivers/STM32C0xx_HAL_Driver/Src/stm32c0xx_hal_pwr_ex.c ****   /* Check the parameters */
 112:Drivers/STM32C0xx_HAL_Driver/Src/stm32c0xx_hal_pwr_ex.c ****   assert_param(IS_PWR_PVM_TYPE(sConfigPVM->PVMType));
 113:Drivers/STM32C0xx_HAL_Driver/Src/stm32c0xx_hal_pwr_ex.c ****   assert_param(IS_PWR_PVM_MODE(sConfigPVM->Mode));
 114:Drivers/STM32C0xx_HAL_Driver/Src/stm32c0xx_hal_pwr_ex.c **** 
 115:Drivers/STM32C0xx_HAL_Driver/Src/stm32c0xx_hal_pwr_ex.c ****   /* Configure EXTI 34 interrupts if so required:
 116:Drivers/STM32C0xx_HAL_Driver/Src/stm32c0xx_hal_pwr_ex.c ****      scan through PVMType to detect which PVMx is set and
 117:Drivers/STM32C0xx_HAL_Driver/Src/stm32c0xx_hal_pwr_ex.c ****      configure the corresponding EXTI line accordingly. */
 118:Drivers/STM32C0xx_HAL_Driver/Src/stm32c0xx_hal_pwr_ex.c ****   switch (sConfigPVM->PVMType)
 119:Drivers/STM32C0xx_HAL_Driver/Src/stm32c0xx_hal_pwr_ex.c ****   {
 120:Drivers/STM32C0xx_HAL_Driver/Src/stm32c0xx_hal_pwr_ex.c ****     case PWR_PVM_USB:
 121:Drivers/STM32C0xx_HAL_Driver/Src/stm32c0xx_hal_pwr_ex.c ****       /* Clear any previous config. Keep it clear if no event or IT mode is selected */
 122:Drivers/STM32C0xx_HAL_Driver/Src/stm32c0xx_hal_pwr_ex.c ****       __HAL_PWR_PVM_EXTI_DISABLE_EVENT();
 123:Drivers/STM32C0xx_HAL_Driver/Src/stm32c0xx_hal_pwr_ex.c ****       __HAL_PWR_PVM_EXTI_DISABLE_IT();
 124:Drivers/STM32C0xx_HAL_Driver/Src/stm32c0xx_hal_pwr_ex.c ****       __HAL_PWR_PVM_EXTI_DISABLE_FALLING_EDGE();
 125:Drivers/STM32C0xx_HAL_Driver/Src/stm32c0xx_hal_pwr_ex.c ****       __HAL_PWR_PVM_EXTI_DISABLE_RISING_EDGE();
 126:Drivers/STM32C0xx_HAL_Driver/Src/stm32c0xx_hal_pwr_ex.c **** 
 127:Drivers/STM32C0xx_HAL_Driver/Src/stm32c0xx_hal_pwr_ex.c ****       /* Configure interrupt mode */
 128:Drivers/STM32C0xx_HAL_Driver/Src/stm32c0xx_hal_pwr_ex.c ****       if ((sConfigPVM->Mode & PVM_MODE_IT) == PVM_MODE_IT)
 129:Drivers/STM32C0xx_HAL_Driver/Src/stm32c0xx_hal_pwr_ex.c ****       {
 130:Drivers/STM32C0xx_HAL_Driver/Src/stm32c0xx_hal_pwr_ex.c ****         __HAL_PWR_PVM_EXTI_ENABLE_IT();
 131:Drivers/STM32C0xx_HAL_Driver/Src/stm32c0xx_hal_pwr_ex.c ****       }
 132:Drivers/STM32C0xx_HAL_Driver/Src/stm32c0xx_hal_pwr_ex.c **** 
 133:Drivers/STM32C0xx_HAL_Driver/Src/stm32c0xx_hal_pwr_ex.c ****       /* Configure event mode */
 134:Drivers/STM32C0xx_HAL_Driver/Src/stm32c0xx_hal_pwr_ex.c ****       if ((sConfigPVM->Mode & PVM_MODE_EVT) == PVM_MODE_EVT)
 135:Drivers/STM32C0xx_HAL_Driver/Src/stm32c0xx_hal_pwr_ex.c ****       {
 136:Drivers/STM32C0xx_HAL_Driver/Src/stm32c0xx_hal_pwr_ex.c ****         __HAL_PWR_PVM_EXTI_ENABLE_EVENT();
 137:Drivers/STM32C0xx_HAL_Driver/Src/stm32c0xx_hal_pwr_ex.c ****       }
 138:Drivers/STM32C0xx_HAL_Driver/Src/stm32c0xx_hal_pwr_ex.c **** 
 139:Drivers/STM32C0xx_HAL_Driver/Src/stm32c0xx_hal_pwr_ex.c ****       /* Configure the edge */
 140:Drivers/STM32C0xx_HAL_Driver/Src/stm32c0xx_hal_pwr_ex.c ****       if ((sConfigPVM->Mode & PVM_RISING_EDGE) == PVM_RISING_EDGE)
 141:Drivers/STM32C0xx_HAL_Driver/Src/stm32c0xx_hal_pwr_ex.c ****       {
 142:Drivers/STM32C0xx_HAL_Driver/Src/stm32c0xx_hal_pwr_ex.c ****         __HAL_PWR_PVM_EXTI_ENABLE_RISING_EDGE();
 143:Drivers/STM32C0xx_HAL_Driver/Src/stm32c0xx_hal_pwr_ex.c ****       }
 144:Drivers/STM32C0xx_HAL_Driver/Src/stm32c0xx_hal_pwr_ex.c **** 
 145:Drivers/STM32C0xx_HAL_Driver/Src/stm32c0xx_hal_pwr_ex.c ****       if ((sConfigPVM->Mode & PVM_FALLING_EDGE) == PVM_FALLING_EDGE)
 146:Drivers/STM32C0xx_HAL_Driver/Src/stm32c0xx_hal_pwr_ex.c ****       {
ARM GAS  C:\Users\BHUPEN~1\AppData\Local\Temp\ccEdAhRd.s 			page 4


 147:Drivers/STM32C0xx_HAL_Driver/Src/stm32c0xx_hal_pwr_ex.c ****         __HAL_PWR_PVM_EXTI_ENABLE_FALLING_EDGE();
 148:Drivers/STM32C0xx_HAL_Driver/Src/stm32c0xx_hal_pwr_ex.c ****       }
 149:Drivers/STM32C0xx_HAL_Driver/Src/stm32c0xx_hal_pwr_ex.c ****       break;
 150:Drivers/STM32C0xx_HAL_Driver/Src/stm32c0xx_hal_pwr_ex.c **** 
 151:Drivers/STM32C0xx_HAL_Driver/Src/stm32c0xx_hal_pwr_ex.c ****     default:
 152:Drivers/STM32C0xx_HAL_Driver/Src/stm32c0xx_hal_pwr_ex.c ****       status = HAL_ERROR;
 153:Drivers/STM32C0xx_HAL_Driver/Src/stm32c0xx_hal_pwr_ex.c ****       break;
 154:Drivers/STM32C0xx_HAL_Driver/Src/stm32c0xx_hal_pwr_ex.c ****   }
 155:Drivers/STM32C0xx_HAL_Driver/Src/stm32c0xx_hal_pwr_ex.c **** 
 156:Drivers/STM32C0xx_HAL_Driver/Src/stm32c0xx_hal_pwr_ex.c ****   return status;
 157:Drivers/STM32C0xx_HAL_Driver/Src/stm32c0xx_hal_pwr_ex.c **** }
 158:Drivers/STM32C0xx_HAL_Driver/Src/stm32c0xx_hal_pwr_ex.c **** #endif /* PWR_PVM_SUPPORT */
 159:Drivers/STM32C0xx_HAL_Driver/Src/stm32c0xx_hal_pwr_ex.c **** /**
 160:Drivers/STM32C0xx_HAL_Driver/Src/stm32c0xx_hal_pwr_ex.c ****   * @brief  Enable Internal Wake-up Line.
 161:Drivers/STM32C0xx_HAL_Driver/Src/stm32c0xx_hal_pwr_ex.c ****   * @retval None
 162:Drivers/STM32C0xx_HAL_Driver/Src/stm32c0xx_hal_pwr_ex.c ****   */
 163:Drivers/STM32C0xx_HAL_Driver/Src/stm32c0xx_hal_pwr_ex.c **** void HAL_PWREx_EnableInternalWakeUpLine(void)
 164:Drivers/STM32C0xx_HAL_Driver/Src/stm32c0xx_hal_pwr_ex.c **** {
  27              		.loc 1 164 1 view -0
  28              		.cfi_startproc
  29              		@ args = 0, pretend = 0, frame = 0
  30              		@ frame_needed = 0, uses_anonymous_args = 0
  31              		@ link register save eliminated.
 165:Drivers/STM32C0xx_HAL_Driver/Src/stm32c0xx_hal_pwr_ex.c ****   SET_BIT(PWR->CR3, PWR_CR3_EIWUL);
  32              		.loc 1 165 3 view .LVU1
  33 0000 034A     		ldr	r2, .L2
  34 0002 9168     		ldr	r1, [r2, #8]
  35 0004 8023     		movs	r3, #128
  36 0006 1B02     		lsls	r3, r3, #8
  37 0008 0B43     		orrs	r3, r1
  38 000a 9360     		str	r3, [r2, #8]
 166:Drivers/STM32C0xx_HAL_Driver/Src/stm32c0xx_hal_pwr_ex.c **** }
  39              		.loc 1 166 1 is_stmt 0 view .LVU2
  40              		@ sp needed
  41 000c 7047     		bx	lr
  42              	.L3:
  43 000e C046     		.align	2
  44              	.L2:
  45 0010 00700040 		.word	1073770496
  46              		.cfi_endproc
  47              	.LFE230:
  49              		.section	.text.HAL_PWREx_DisableInternalWakeUpLine,"ax",%progbits
  50              		.align	1
  51              		.global	HAL_PWREx_DisableInternalWakeUpLine
  52              		.syntax unified
  53              		.code	16
  54              		.thumb_func
  55              		.fpu softvfp
  57              	HAL_PWREx_DisableInternalWakeUpLine:
  58              	.LFB231:
 167:Drivers/STM32C0xx_HAL_Driver/Src/stm32c0xx_hal_pwr_ex.c **** 
 168:Drivers/STM32C0xx_HAL_Driver/Src/stm32c0xx_hal_pwr_ex.c **** 
 169:Drivers/STM32C0xx_HAL_Driver/Src/stm32c0xx_hal_pwr_ex.c **** /**
 170:Drivers/STM32C0xx_HAL_Driver/Src/stm32c0xx_hal_pwr_ex.c ****   * @brief  Disable Internal Wake-up Line.
 171:Drivers/STM32C0xx_HAL_Driver/Src/stm32c0xx_hal_pwr_ex.c ****   * @retval None
 172:Drivers/STM32C0xx_HAL_Driver/Src/stm32c0xx_hal_pwr_ex.c ****   */
 173:Drivers/STM32C0xx_HAL_Driver/Src/stm32c0xx_hal_pwr_ex.c **** void HAL_PWREx_DisableInternalWakeUpLine(void)
ARM GAS  C:\Users\BHUPEN~1\AppData\Local\Temp\ccEdAhRd.s 			page 5


 174:Drivers/STM32C0xx_HAL_Driver/Src/stm32c0xx_hal_pwr_ex.c **** {
  59              		.loc 1 174 1 is_stmt 1 view -0
  60              		.cfi_startproc
  61              		@ args = 0, pretend = 0, frame = 0
  62              		@ frame_needed = 0, uses_anonymous_args = 0
  63              		@ link register save eliminated.
 175:Drivers/STM32C0xx_HAL_Driver/Src/stm32c0xx_hal_pwr_ex.c ****   CLEAR_BIT(PWR->CR3, PWR_CR3_EIWUL);
  64              		.loc 1 175 3 view .LVU4
  65 0000 024A     		ldr	r2, .L5
  66 0002 9368     		ldr	r3, [r2, #8]
  67 0004 0249     		ldr	r1, .L5+4
  68 0006 0B40     		ands	r3, r1
  69 0008 9360     		str	r3, [r2, #8]
 176:Drivers/STM32C0xx_HAL_Driver/Src/stm32c0xx_hal_pwr_ex.c **** }
  70              		.loc 1 176 1 is_stmt 0 view .LVU5
  71              		@ sp needed
  72 000a 7047     		bx	lr
  73              	.L6:
  74              		.align	2
  75              	.L5:
  76 000c 00700040 		.word	1073770496
  77 0010 FF7FFFFF 		.word	-32769
  78              		.cfi_endproc
  79              	.LFE231:
  81              		.section	.text.HAL_PWREx_EnableGPIOPullUp,"ax",%progbits
  82              		.align	1
  83              		.global	HAL_PWREx_EnableGPIOPullUp
  84              		.syntax unified
  85              		.code	16
  86              		.thumb_func
  87              		.fpu softvfp
  89              	HAL_PWREx_EnableGPIOPullUp:
  90              	.LVL0:
  91              	.LFB232:
 177:Drivers/STM32C0xx_HAL_Driver/Src/stm32c0xx_hal_pwr_ex.c **** 
 178:Drivers/STM32C0xx_HAL_Driver/Src/stm32c0xx_hal_pwr_ex.c **** 
 179:Drivers/STM32C0xx_HAL_Driver/Src/stm32c0xx_hal_pwr_ex.c **** /**
 180:Drivers/STM32C0xx_HAL_Driver/Src/stm32c0xx_hal_pwr_ex.c ****   * @brief  Enable GPIO pull-up state in Standby and Shutdown modes.
 181:Drivers/STM32C0xx_HAL_Driver/Src/stm32c0xx_hal_pwr_ex.c ****   * @note   Set the relevant PUy bit of PWR_PUCRx register to configure the I/O in
 182:Drivers/STM32C0xx_HAL_Driver/Src/stm32c0xx_hal_pwr_ex.c ****   *         pull-up state in Standby and Shutdown modes.
 183:Drivers/STM32C0xx_HAL_Driver/Src/stm32c0xx_hal_pwr_ex.c ****   * @note   This state is effective in Standby and Shutdown modes only if APC bit
 184:Drivers/STM32C0xx_HAL_Driver/Src/stm32c0xx_hal_pwr_ex.c ****   *         is set through HAL_PWREx_EnablePullUpPullDownConfig() API.
 185:Drivers/STM32C0xx_HAL_Driver/Src/stm32c0xx_hal_pwr_ex.c ****   * @note   The configuration is lost when exiting the Shutdown mode due to the
 186:Drivers/STM32C0xx_HAL_Driver/Src/stm32c0xx_hal_pwr_ex.c ****   *         power-on reset, maintained when exiting the Standby mode.
 187:Drivers/STM32C0xx_HAL_Driver/Src/stm32c0xx_hal_pwr_ex.c ****   * @note   To avoid any conflict at Standby and Shutdown modes exits, the corresponding
 188:Drivers/STM32C0xx_HAL_Driver/Src/stm32c0xx_hal_pwr_ex.c ****   *         PDy bit of PWR_PDCRx register is cleared unless it is reserved.
 189:Drivers/STM32C0xx_HAL_Driver/Src/stm32c0xx_hal_pwr_ex.c ****   * @param  GPIO Specify the IO port. This parameter can be PWR_GPIO_A, ..., PWR_GPIO_F
 190:Drivers/STM32C0xx_HAL_Driver/Src/stm32c0xx_hal_pwr_ex.c ****   *         to select the GPIO peripheral.
 191:Drivers/STM32C0xx_HAL_Driver/Src/stm32c0xx_hal_pwr_ex.c ****   * @param  GPIONumber Specify the I/O pins numbers.
 192:Drivers/STM32C0xx_HAL_Driver/Src/stm32c0xx_hal_pwr_ex.c ****   *         This parameter can be one of the following values:
 193:Drivers/STM32C0xx_HAL_Driver/Src/stm32c0xx_hal_pwr_ex.c ****   *         PWR_GPIO_BIT_0, ..., PWR_GPIO_BIT_15 (except for ports where less
 194:Drivers/STM32C0xx_HAL_Driver/Src/stm32c0xx_hal_pwr_ex.c ****   *         I/O pins are available) or the logical OR of several of them to set
 195:Drivers/STM32C0xx_HAL_Driver/Src/stm32c0xx_hal_pwr_ex.c ****   *         several bits for a given port in a single API call.
 196:Drivers/STM32C0xx_HAL_Driver/Src/stm32c0xx_hal_pwr_ex.c ****   * @retval HAL Status
 197:Drivers/STM32C0xx_HAL_Driver/Src/stm32c0xx_hal_pwr_ex.c ****   */
 198:Drivers/STM32C0xx_HAL_Driver/Src/stm32c0xx_hal_pwr_ex.c **** HAL_StatusTypeDef HAL_PWREx_EnableGPIOPullUp(uint32_t GPIO, uint32_t GPIONumber)
 199:Drivers/STM32C0xx_HAL_Driver/Src/stm32c0xx_hal_pwr_ex.c **** {
ARM GAS  C:\Users\BHUPEN~1\AppData\Local\Temp\ccEdAhRd.s 			page 6


  92              		.loc 1 199 1 is_stmt 1 view -0
  93              		.cfi_startproc
  94              		@ args = 0, pretend = 0, frame = 0
  95              		@ frame_needed = 0, uses_anonymous_args = 0
  96              		@ link register save eliminated.
 200:Drivers/STM32C0xx_HAL_Driver/Src/stm32c0xx_hal_pwr_ex.c ****   HAL_StatusTypeDef status = HAL_OK;
  97              		.loc 1 200 3 view .LVU7
 201:Drivers/STM32C0xx_HAL_Driver/Src/stm32c0xx_hal_pwr_ex.c **** 
 202:Drivers/STM32C0xx_HAL_Driver/Src/stm32c0xx_hal_pwr_ex.c ****   assert_param(IS_PWR_GPIO(GPIO));
  98              		.loc 1 202 3 view .LVU8
 203:Drivers/STM32C0xx_HAL_Driver/Src/stm32c0xx_hal_pwr_ex.c ****   assert_param(IS_PWR_GPIO_BIT_NUMBER(GPIONumber));
  99              		.loc 1 203 3 view .LVU9
 204:Drivers/STM32C0xx_HAL_Driver/Src/stm32c0xx_hal_pwr_ex.c **** 
 205:Drivers/STM32C0xx_HAL_Driver/Src/stm32c0xx_hal_pwr_ex.c ****   switch (GPIO)
 100              		.loc 1 205 3 view .LVU10
 101 0000 0528     		cmp	r0, #5
 102 0002 30D8     		bhi	.L15
 103 0004 8000     		lsls	r0, r0, #2
 104              	.LVL1:
 105              		.loc 1 205 3 is_stmt 0 view .LVU11
 106 0006 194B     		ldr	r3, .L16
 107 0008 1B58     		ldr	r3, [r3, r0]
 108 000a 9F46     		mov	pc, r3
 109              		.section	.rodata.HAL_PWREx_EnableGPIOPullUp,"a",%progbits
 110              		.align	2
 111              	.L10:
 112 0000 0C000000 		.word	.L14
 113 0004 1E000000 		.word	.L13
 114 0008 30000000 		.word	.L12
 115 000c 42000000 		.word	.L11
 116 0010 66000000 		.word	.L15
 117 0014 54000000 		.word	.L9
 118              		.section	.text.HAL_PWREx_EnableGPIOPullUp
 119              	.L14:
 206:Drivers/STM32C0xx_HAL_Driver/Src/stm32c0xx_hal_pwr_ex.c ****   {
 207:Drivers/STM32C0xx_HAL_Driver/Src/stm32c0xx_hal_pwr_ex.c ****     case PWR_GPIO_A:
 208:Drivers/STM32C0xx_HAL_Driver/Src/stm32c0xx_hal_pwr_ex.c ****       SET_BIT(PWR->PUCRA, GPIONumber);
 120              		.loc 1 208 7 is_stmt 1 view .LVU12
 121 000c 184B     		ldr	r3, .L16+4
 122 000e 1A6A     		ldr	r2, [r3, #32]
 123 0010 0A43     		orrs	r2, r1
 124 0012 1A62     		str	r2, [r3, #32]
 209:Drivers/STM32C0xx_HAL_Driver/Src/stm32c0xx_hal_pwr_ex.c ****       CLEAR_BIT(PWR->PDCRA, GPIONumber);
 125              		.loc 1 209 7 view .LVU13
 126 0014 5A6A     		ldr	r2, [r3, #36]
 127 0016 8A43     		bics	r2, r1
 128 0018 5A62     		str	r2, [r3, #36]
 210:Drivers/STM32C0xx_HAL_Driver/Src/stm32c0xx_hal_pwr_ex.c ****       break;
 129              		.loc 1 210 7 view .LVU14
 200:Drivers/STM32C0xx_HAL_Driver/Src/stm32c0xx_hal_pwr_ex.c **** 
 130              		.loc 1 200 21 is_stmt 0 view .LVU15
 131 001a 0020     		movs	r0, #0
 132              	.L8:
 133              	.LVL2:
 211:Drivers/STM32C0xx_HAL_Driver/Src/stm32c0xx_hal_pwr_ex.c **** 
 212:Drivers/STM32C0xx_HAL_Driver/Src/stm32c0xx_hal_pwr_ex.c ****     case PWR_GPIO_B:
 213:Drivers/STM32C0xx_HAL_Driver/Src/stm32c0xx_hal_pwr_ex.c ****       SET_BIT(PWR->PUCRB, GPIONumber);
ARM GAS  C:\Users\BHUPEN~1\AppData\Local\Temp\ccEdAhRd.s 			page 7


 214:Drivers/STM32C0xx_HAL_Driver/Src/stm32c0xx_hal_pwr_ex.c ****       CLEAR_BIT(PWR->PDCRB, GPIONumber);
 215:Drivers/STM32C0xx_HAL_Driver/Src/stm32c0xx_hal_pwr_ex.c ****       break;
 216:Drivers/STM32C0xx_HAL_Driver/Src/stm32c0xx_hal_pwr_ex.c **** 
 217:Drivers/STM32C0xx_HAL_Driver/Src/stm32c0xx_hal_pwr_ex.c ****     case PWR_GPIO_C:
 218:Drivers/STM32C0xx_HAL_Driver/Src/stm32c0xx_hal_pwr_ex.c ****       SET_BIT(PWR->PUCRC, GPIONumber);
 219:Drivers/STM32C0xx_HAL_Driver/Src/stm32c0xx_hal_pwr_ex.c ****       CLEAR_BIT(PWR->PDCRC, GPIONumber);
 220:Drivers/STM32C0xx_HAL_Driver/Src/stm32c0xx_hal_pwr_ex.c ****       break;
 221:Drivers/STM32C0xx_HAL_Driver/Src/stm32c0xx_hal_pwr_ex.c **** #if defined (GPIOD)
 222:Drivers/STM32C0xx_HAL_Driver/Src/stm32c0xx_hal_pwr_ex.c ****     case PWR_GPIO_D:
 223:Drivers/STM32C0xx_HAL_Driver/Src/stm32c0xx_hal_pwr_ex.c ****       SET_BIT(PWR->PUCRD, GPIONumber);
 224:Drivers/STM32C0xx_HAL_Driver/Src/stm32c0xx_hal_pwr_ex.c ****       CLEAR_BIT(PWR->PDCRD, GPIONumber);
 225:Drivers/STM32C0xx_HAL_Driver/Src/stm32c0xx_hal_pwr_ex.c ****       break;
 226:Drivers/STM32C0xx_HAL_Driver/Src/stm32c0xx_hal_pwr_ex.c **** #endif /* GPIOD */
 227:Drivers/STM32C0xx_HAL_Driver/Src/stm32c0xx_hal_pwr_ex.c ****     case PWR_GPIO_F:
 228:Drivers/STM32C0xx_HAL_Driver/Src/stm32c0xx_hal_pwr_ex.c ****       SET_BIT(PWR->PUCRF, GPIONumber);
 229:Drivers/STM32C0xx_HAL_Driver/Src/stm32c0xx_hal_pwr_ex.c ****       CLEAR_BIT(PWR->PDCRF, GPIONumber);
 230:Drivers/STM32C0xx_HAL_Driver/Src/stm32c0xx_hal_pwr_ex.c ****       break;
 231:Drivers/STM32C0xx_HAL_Driver/Src/stm32c0xx_hal_pwr_ex.c **** 
 232:Drivers/STM32C0xx_HAL_Driver/Src/stm32c0xx_hal_pwr_ex.c ****     default:
 233:Drivers/STM32C0xx_HAL_Driver/Src/stm32c0xx_hal_pwr_ex.c ****       status = HAL_ERROR;
 234:Drivers/STM32C0xx_HAL_Driver/Src/stm32c0xx_hal_pwr_ex.c ****       break;
 235:Drivers/STM32C0xx_HAL_Driver/Src/stm32c0xx_hal_pwr_ex.c ****   }
 236:Drivers/STM32C0xx_HAL_Driver/Src/stm32c0xx_hal_pwr_ex.c **** 
 237:Drivers/STM32C0xx_HAL_Driver/Src/stm32c0xx_hal_pwr_ex.c ****   return status;
 134              		.loc 1 237 3 is_stmt 1 view .LVU16
 238:Drivers/STM32C0xx_HAL_Driver/Src/stm32c0xx_hal_pwr_ex.c **** }
 135              		.loc 1 238 1 is_stmt 0 view .LVU17
 136              		@ sp needed
 137 001c 7047     		bx	lr
 138              	.LVL3:
 139              	.L13:
 213:Drivers/STM32C0xx_HAL_Driver/Src/stm32c0xx_hal_pwr_ex.c ****       CLEAR_BIT(PWR->PDCRB, GPIONumber);
 140              		.loc 1 213 7 is_stmt 1 view .LVU18
 141 001e 144B     		ldr	r3, .L16+4
 142 0020 9A6A     		ldr	r2, [r3, #40]
 143 0022 0A43     		orrs	r2, r1
 144 0024 9A62     		str	r2, [r3, #40]
 214:Drivers/STM32C0xx_HAL_Driver/Src/stm32c0xx_hal_pwr_ex.c ****       break;
 145              		.loc 1 214 7 view .LVU19
 146 0026 DA6A     		ldr	r2, [r3, #44]
 147 0028 8A43     		bics	r2, r1
 148 002a DA62     		str	r2, [r3, #44]
 215:Drivers/STM32C0xx_HAL_Driver/Src/stm32c0xx_hal_pwr_ex.c **** 
 149              		.loc 1 215 7 view .LVU20
 200:Drivers/STM32C0xx_HAL_Driver/Src/stm32c0xx_hal_pwr_ex.c **** 
 150              		.loc 1 200 21 is_stmt 0 view .LVU21
 151 002c 0020     		movs	r0, #0
 215:Drivers/STM32C0xx_HAL_Driver/Src/stm32c0xx_hal_pwr_ex.c **** 
 152              		.loc 1 215 7 view .LVU22
 153 002e F5E7     		b	.L8
 154              	.L12:
 218:Drivers/STM32C0xx_HAL_Driver/Src/stm32c0xx_hal_pwr_ex.c ****       CLEAR_BIT(PWR->PDCRC, GPIONumber);
 155              		.loc 1 218 7 is_stmt 1 view .LVU23
 156 0030 0F4B     		ldr	r3, .L16+4
 157 0032 1A6B     		ldr	r2, [r3, #48]
 158 0034 0A43     		orrs	r2, r1
 159 0036 1A63     		str	r2, [r3, #48]
ARM GAS  C:\Users\BHUPEN~1\AppData\Local\Temp\ccEdAhRd.s 			page 8


 219:Drivers/STM32C0xx_HAL_Driver/Src/stm32c0xx_hal_pwr_ex.c ****       break;
 160              		.loc 1 219 7 view .LVU24
 161 0038 5A6B     		ldr	r2, [r3, #52]
 162 003a 8A43     		bics	r2, r1
 163 003c 5A63     		str	r2, [r3, #52]
 220:Drivers/STM32C0xx_HAL_Driver/Src/stm32c0xx_hal_pwr_ex.c **** #if defined (GPIOD)
 164              		.loc 1 220 7 view .LVU25
 200:Drivers/STM32C0xx_HAL_Driver/Src/stm32c0xx_hal_pwr_ex.c **** 
 165              		.loc 1 200 21 is_stmt 0 view .LVU26
 166 003e 0020     		movs	r0, #0
 220:Drivers/STM32C0xx_HAL_Driver/Src/stm32c0xx_hal_pwr_ex.c **** #if defined (GPIOD)
 167              		.loc 1 220 7 view .LVU27
 168 0040 ECE7     		b	.L8
 169              	.L11:
 223:Drivers/STM32C0xx_HAL_Driver/Src/stm32c0xx_hal_pwr_ex.c ****       CLEAR_BIT(PWR->PDCRD, GPIONumber);
 170              		.loc 1 223 7 is_stmt 1 view .LVU28
 171 0042 0B4B     		ldr	r3, .L16+4
 172 0044 9A6B     		ldr	r2, [r3, #56]
 173 0046 0A43     		orrs	r2, r1
 174 0048 9A63     		str	r2, [r3, #56]
 224:Drivers/STM32C0xx_HAL_Driver/Src/stm32c0xx_hal_pwr_ex.c ****       break;
 175              		.loc 1 224 7 view .LVU29
 176 004a DA6B     		ldr	r2, [r3, #60]
 177 004c 8A43     		bics	r2, r1
 178 004e DA63     		str	r2, [r3, #60]
 225:Drivers/STM32C0xx_HAL_Driver/Src/stm32c0xx_hal_pwr_ex.c **** #endif /* GPIOD */
 179              		.loc 1 225 7 view .LVU30
 200:Drivers/STM32C0xx_HAL_Driver/Src/stm32c0xx_hal_pwr_ex.c **** 
 180              		.loc 1 200 21 is_stmt 0 view .LVU31
 181 0050 0020     		movs	r0, #0
 225:Drivers/STM32C0xx_HAL_Driver/Src/stm32c0xx_hal_pwr_ex.c **** #endif /* GPIOD */
 182              		.loc 1 225 7 view .LVU32
 183 0052 E3E7     		b	.L8
 184              	.L9:
 228:Drivers/STM32C0xx_HAL_Driver/Src/stm32c0xx_hal_pwr_ex.c ****       CLEAR_BIT(PWR->PDCRF, GPIONumber);
 185              		.loc 1 228 7 is_stmt 1 view .LVU33
 186 0054 064B     		ldr	r3, .L16+4
 187 0056 9A6C     		ldr	r2, [r3, #72]
 188 0058 0A43     		orrs	r2, r1
 189 005a 9A64     		str	r2, [r3, #72]
 229:Drivers/STM32C0xx_HAL_Driver/Src/stm32c0xx_hal_pwr_ex.c ****       break;
 190              		.loc 1 229 7 view .LVU34
 191 005c DA6C     		ldr	r2, [r3, #76]
 192 005e 8A43     		bics	r2, r1
 193 0060 DA64     		str	r2, [r3, #76]
 230:Drivers/STM32C0xx_HAL_Driver/Src/stm32c0xx_hal_pwr_ex.c **** 
 194              		.loc 1 230 7 view .LVU35
 200:Drivers/STM32C0xx_HAL_Driver/Src/stm32c0xx_hal_pwr_ex.c **** 
 195              		.loc 1 200 21 is_stmt 0 view .LVU36
 196 0062 0020     		movs	r0, #0
 230:Drivers/STM32C0xx_HAL_Driver/Src/stm32c0xx_hal_pwr_ex.c **** 
 197              		.loc 1 230 7 view .LVU37
 198 0064 DAE7     		b	.L8
 199              	.L15:
 200:Drivers/STM32C0xx_HAL_Driver/Src/stm32c0xx_hal_pwr_ex.c **** 
 200              		.loc 1 200 21 view .LVU38
 201 0066 0120     		movs	r0, #1
ARM GAS  C:\Users\BHUPEN~1\AppData\Local\Temp\ccEdAhRd.s 			page 9


 202 0068 D8E7     		b	.L8
 203              	.L17:
 204 006a C046     		.align	2
 205              	.L16:
 206 006c 00000000 		.word	.L10
 207 0070 00700040 		.word	1073770496
 208              		.cfi_endproc
 209              	.LFE232:
 211              		.section	.text.HAL_PWREx_DisableGPIOPullUp,"ax",%progbits
 212              		.align	1
 213              		.global	HAL_PWREx_DisableGPIOPullUp
 214              		.syntax unified
 215              		.code	16
 216              		.thumb_func
 217              		.fpu softvfp
 219              	HAL_PWREx_DisableGPIOPullUp:
 220              	.LVL4:
 221              	.LFB233:
 239:Drivers/STM32C0xx_HAL_Driver/Src/stm32c0xx_hal_pwr_ex.c **** 
 240:Drivers/STM32C0xx_HAL_Driver/Src/stm32c0xx_hal_pwr_ex.c **** 
 241:Drivers/STM32C0xx_HAL_Driver/Src/stm32c0xx_hal_pwr_ex.c **** /**
 242:Drivers/STM32C0xx_HAL_Driver/Src/stm32c0xx_hal_pwr_ex.c ****   * @brief  Disable GPIO pull-up state in Standby mode and Shutdown modes.
 243:Drivers/STM32C0xx_HAL_Driver/Src/stm32c0xx_hal_pwr_ex.c ****   * @note   Reset the relevant PUy bit of PWR_PUCRx register used to configure the I/O
 244:Drivers/STM32C0xx_HAL_Driver/Src/stm32c0xx_hal_pwr_ex.c ****   *         in pull-up state in Standby and Shutdown modes.
 245:Drivers/STM32C0xx_HAL_Driver/Src/stm32c0xx_hal_pwr_ex.c ****   * @param  GPIO Specifies the IO port. This parameter can be PWR_GPIO_A, ..., PWR_GPIO_F
 246:Drivers/STM32C0xx_HAL_Driver/Src/stm32c0xx_hal_pwr_ex.c ****   *         to select the GPIO peripheral.
 247:Drivers/STM32C0xx_HAL_Driver/Src/stm32c0xx_hal_pwr_ex.c ****   * @param  GPIONumber Specify the I/O pins numbers.
 248:Drivers/STM32C0xx_HAL_Driver/Src/stm32c0xx_hal_pwr_ex.c ****   *         This parameter can be one of the following values:
 249:Drivers/STM32C0xx_HAL_Driver/Src/stm32c0xx_hal_pwr_ex.c ****   *         PWR_GPIO_BIT_0, ..., PWR_GPIO_BIT_15 (except for ports where less
 250:Drivers/STM32C0xx_HAL_Driver/Src/stm32c0xx_hal_pwr_ex.c ****   *         I/O pins are available) or the logical OR of several of them to reset
 251:Drivers/STM32C0xx_HAL_Driver/Src/stm32c0xx_hal_pwr_ex.c ****   *         several bits for a given port in a single API call.
 252:Drivers/STM32C0xx_HAL_Driver/Src/stm32c0xx_hal_pwr_ex.c ****   * @retval HAL Status
 253:Drivers/STM32C0xx_HAL_Driver/Src/stm32c0xx_hal_pwr_ex.c ****   */
 254:Drivers/STM32C0xx_HAL_Driver/Src/stm32c0xx_hal_pwr_ex.c **** HAL_StatusTypeDef HAL_PWREx_DisableGPIOPullUp(uint32_t GPIO, uint32_t GPIONumber)
 255:Drivers/STM32C0xx_HAL_Driver/Src/stm32c0xx_hal_pwr_ex.c **** {
 222              		.loc 1 255 1 is_stmt 1 view -0
 223              		.cfi_startproc
 224              		@ args = 0, pretend = 0, frame = 0
 225              		@ frame_needed = 0, uses_anonymous_args = 0
 226              		@ link register save eliminated.
 256:Drivers/STM32C0xx_HAL_Driver/Src/stm32c0xx_hal_pwr_ex.c ****   HAL_StatusTypeDef status = HAL_OK;
 227              		.loc 1 256 3 view .LVU40
 257:Drivers/STM32C0xx_HAL_Driver/Src/stm32c0xx_hal_pwr_ex.c **** 
 258:Drivers/STM32C0xx_HAL_Driver/Src/stm32c0xx_hal_pwr_ex.c ****   assert_param(IS_PWR_GPIO(GPIO));
 228              		.loc 1 258 3 view .LVU41
 259:Drivers/STM32C0xx_HAL_Driver/Src/stm32c0xx_hal_pwr_ex.c ****   assert_param(IS_PWR_GPIO_BIT_NUMBER(GPIONumber));
 229              		.loc 1 259 3 view .LVU42
 260:Drivers/STM32C0xx_HAL_Driver/Src/stm32c0xx_hal_pwr_ex.c **** 
 261:Drivers/STM32C0xx_HAL_Driver/Src/stm32c0xx_hal_pwr_ex.c ****   switch (GPIO)
 230              		.loc 1 261 3 view .LVU43
 231 0000 0528     		cmp	r0, #5
 232 0002 21D8     		bhi	.L26
 233 0004 8000     		lsls	r0, r0, #2
 234              	.LVL5:
 235              		.loc 1 261 3 is_stmt 0 view .LVU44
 236 0006 114B     		ldr	r3, .L27
 237 0008 1B58     		ldr	r3, [r3, r0]
ARM GAS  C:\Users\BHUPEN~1\AppData\Local\Temp\ccEdAhRd.s 			page 10


 238 000a 9F46     		mov	pc, r3
 239              		.section	.rodata.HAL_PWREx_DisableGPIOPullUp,"a",%progbits
 240              		.align	2
 241              	.L21:
 242 0000 0C000000 		.word	.L25
 243 0004 18000000 		.word	.L24
 244 0008 24000000 		.word	.L23
 245 000c 30000000 		.word	.L22
 246 0010 48000000 		.word	.L26
 247 0014 3C000000 		.word	.L20
 248              		.section	.text.HAL_PWREx_DisableGPIOPullUp
 249              	.L25:
 262:Drivers/STM32C0xx_HAL_Driver/Src/stm32c0xx_hal_pwr_ex.c ****   {
 263:Drivers/STM32C0xx_HAL_Driver/Src/stm32c0xx_hal_pwr_ex.c ****     case PWR_GPIO_A:
 264:Drivers/STM32C0xx_HAL_Driver/Src/stm32c0xx_hal_pwr_ex.c ****       CLEAR_BIT(PWR->PUCRA, GPIONumber);
 250              		.loc 1 264 7 is_stmt 1 view .LVU45
 251 000c 104A     		ldr	r2, .L27+4
 252 000e 136A     		ldr	r3, [r2, #32]
 253 0010 8B43     		bics	r3, r1
 254 0012 1362     		str	r3, [r2, #32]
 265:Drivers/STM32C0xx_HAL_Driver/Src/stm32c0xx_hal_pwr_ex.c ****       break;
 255              		.loc 1 265 7 view .LVU46
 256:Drivers/STM32C0xx_HAL_Driver/Src/stm32c0xx_hal_pwr_ex.c **** 
 256              		.loc 1 256 21 is_stmt 0 view .LVU47
 257 0014 0020     		movs	r0, #0
 258              	.L19:
 259              	.LVL6:
 266:Drivers/STM32C0xx_HAL_Driver/Src/stm32c0xx_hal_pwr_ex.c **** 
 267:Drivers/STM32C0xx_HAL_Driver/Src/stm32c0xx_hal_pwr_ex.c ****     case PWR_GPIO_B:
 268:Drivers/STM32C0xx_HAL_Driver/Src/stm32c0xx_hal_pwr_ex.c ****       CLEAR_BIT(PWR->PUCRB, GPIONumber);
 269:Drivers/STM32C0xx_HAL_Driver/Src/stm32c0xx_hal_pwr_ex.c ****       break;
 270:Drivers/STM32C0xx_HAL_Driver/Src/stm32c0xx_hal_pwr_ex.c **** 
 271:Drivers/STM32C0xx_HAL_Driver/Src/stm32c0xx_hal_pwr_ex.c ****     case PWR_GPIO_C:
 272:Drivers/STM32C0xx_HAL_Driver/Src/stm32c0xx_hal_pwr_ex.c ****       CLEAR_BIT(PWR->PUCRC, GPIONumber);
 273:Drivers/STM32C0xx_HAL_Driver/Src/stm32c0xx_hal_pwr_ex.c ****       break;
 274:Drivers/STM32C0xx_HAL_Driver/Src/stm32c0xx_hal_pwr_ex.c **** #if defined (GPIOD)
 275:Drivers/STM32C0xx_HAL_Driver/Src/stm32c0xx_hal_pwr_ex.c ****     case PWR_GPIO_D:
 276:Drivers/STM32C0xx_HAL_Driver/Src/stm32c0xx_hal_pwr_ex.c ****       CLEAR_BIT(PWR->PUCRD, GPIONumber);
 277:Drivers/STM32C0xx_HAL_Driver/Src/stm32c0xx_hal_pwr_ex.c ****       break;
 278:Drivers/STM32C0xx_HAL_Driver/Src/stm32c0xx_hal_pwr_ex.c **** #endif /* GPIOD */
 279:Drivers/STM32C0xx_HAL_Driver/Src/stm32c0xx_hal_pwr_ex.c ****     case PWR_GPIO_F:
 280:Drivers/STM32C0xx_HAL_Driver/Src/stm32c0xx_hal_pwr_ex.c ****       CLEAR_BIT(PWR->PUCRF, GPIONumber);
 281:Drivers/STM32C0xx_HAL_Driver/Src/stm32c0xx_hal_pwr_ex.c ****       break;
 282:Drivers/STM32C0xx_HAL_Driver/Src/stm32c0xx_hal_pwr_ex.c **** 
 283:Drivers/STM32C0xx_HAL_Driver/Src/stm32c0xx_hal_pwr_ex.c ****     default:
 284:Drivers/STM32C0xx_HAL_Driver/Src/stm32c0xx_hal_pwr_ex.c ****       status = HAL_ERROR;
 285:Drivers/STM32C0xx_HAL_Driver/Src/stm32c0xx_hal_pwr_ex.c ****       break;
 286:Drivers/STM32C0xx_HAL_Driver/Src/stm32c0xx_hal_pwr_ex.c ****   }
 287:Drivers/STM32C0xx_HAL_Driver/Src/stm32c0xx_hal_pwr_ex.c **** 
 288:Drivers/STM32C0xx_HAL_Driver/Src/stm32c0xx_hal_pwr_ex.c ****   return status;
 260              		.loc 1 288 3 is_stmt 1 view .LVU48
 289:Drivers/STM32C0xx_HAL_Driver/Src/stm32c0xx_hal_pwr_ex.c **** }
 261              		.loc 1 289 1 is_stmt 0 view .LVU49
 262              		@ sp needed
 263 0016 7047     		bx	lr
 264              	.LVL7:
 265              	.L24:
ARM GAS  C:\Users\BHUPEN~1\AppData\Local\Temp\ccEdAhRd.s 			page 11


 268:Drivers/STM32C0xx_HAL_Driver/Src/stm32c0xx_hal_pwr_ex.c ****       break;
 266              		.loc 1 268 7 is_stmt 1 view .LVU50
 267 0018 0D4A     		ldr	r2, .L27+4
 268 001a 936A     		ldr	r3, [r2, #40]
 269 001c 8B43     		bics	r3, r1
 270 001e 9362     		str	r3, [r2, #40]
 269:Drivers/STM32C0xx_HAL_Driver/Src/stm32c0xx_hal_pwr_ex.c **** 
 271              		.loc 1 269 7 view .LVU51
 256:Drivers/STM32C0xx_HAL_Driver/Src/stm32c0xx_hal_pwr_ex.c **** 
 272              		.loc 1 256 21 is_stmt 0 view .LVU52
 273 0020 0020     		movs	r0, #0
 269:Drivers/STM32C0xx_HAL_Driver/Src/stm32c0xx_hal_pwr_ex.c **** 
 274              		.loc 1 269 7 view .LVU53
 275 0022 F8E7     		b	.L19
 276              	.L23:
 272:Drivers/STM32C0xx_HAL_Driver/Src/stm32c0xx_hal_pwr_ex.c ****       break;
 277              		.loc 1 272 7 is_stmt 1 view .LVU54
 278 0024 0A4A     		ldr	r2, .L27+4
 279 0026 136B     		ldr	r3, [r2, #48]
 280 0028 8B43     		bics	r3, r1
 281 002a 1363     		str	r3, [r2, #48]
 273:Drivers/STM32C0xx_HAL_Driver/Src/stm32c0xx_hal_pwr_ex.c **** #if defined (GPIOD)
 282              		.loc 1 273 7 view .LVU55
 256:Drivers/STM32C0xx_HAL_Driver/Src/stm32c0xx_hal_pwr_ex.c **** 
 283              		.loc 1 256 21 is_stmt 0 view .LVU56
 284 002c 0020     		movs	r0, #0
 273:Drivers/STM32C0xx_HAL_Driver/Src/stm32c0xx_hal_pwr_ex.c **** #if defined (GPIOD)
 285              		.loc 1 273 7 view .LVU57
 286 002e F2E7     		b	.L19
 287              	.L22:
 276:Drivers/STM32C0xx_HAL_Driver/Src/stm32c0xx_hal_pwr_ex.c ****       break;
 288              		.loc 1 276 7 is_stmt 1 view .LVU58
 289 0030 074A     		ldr	r2, .L27+4
 290 0032 936B     		ldr	r3, [r2, #56]
 291 0034 8B43     		bics	r3, r1
 292 0036 9363     		str	r3, [r2, #56]
 277:Drivers/STM32C0xx_HAL_Driver/Src/stm32c0xx_hal_pwr_ex.c **** #endif /* GPIOD */
 293              		.loc 1 277 7 view .LVU59
 256:Drivers/STM32C0xx_HAL_Driver/Src/stm32c0xx_hal_pwr_ex.c **** 
 294              		.loc 1 256 21 is_stmt 0 view .LVU60
 295 0038 0020     		movs	r0, #0
 277:Drivers/STM32C0xx_HAL_Driver/Src/stm32c0xx_hal_pwr_ex.c **** #endif /* GPIOD */
 296              		.loc 1 277 7 view .LVU61
 297 003a ECE7     		b	.L19
 298              	.L20:
 280:Drivers/STM32C0xx_HAL_Driver/Src/stm32c0xx_hal_pwr_ex.c ****       break;
 299              		.loc 1 280 7 is_stmt 1 view .LVU62
 300 003c 044A     		ldr	r2, .L27+4
 301 003e 936C     		ldr	r3, [r2, #72]
 302 0040 8B43     		bics	r3, r1
 303 0042 9364     		str	r3, [r2, #72]
 281:Drivers/STM32C0xx_HAL_Driver/Src/stm32c0xx_hal_pwr_ex.c **** 
 304              		.loc 1 281 7 view .LVU63
 256:Drivers/STM32C0xx_HAL_Driver/Src/stm32c0xx_hal_pwr_ex.c **** 
 305              		.loc 1 256 21 is_stmt 0 view .LVU64
 306 0044 0020     		movs	r0, #0
 281:Drivers/STM32C0xx_HAL_Driver/Src/stm32c0xx_hal_pwr_ex.c **** 
ARM GAS  C:\Users\BHUPEN~1\AppData\Local\Temp\ccEdAhRd.s 			page 12


 307              		.loc 1 281 7 view .LVU65
 308 0046 E6E7     		b	.L19
 309              	.L26:
 256:Drivers/STM32C0xx_HAL_Driver/Src/stm32c0xx_hal_pwr_ex.c **** 
 310              		.loc 1 256 21 view .LVU66
 311 0048 0120     		movs	r0, #1
 312 004a E4E7     		b	.L19
 313              	.L28:
 314              		.align	2
 315              	.L27:
 316 004c 00000000 		.word	.L21
 317 0050 00700040 		.word	1073770496
 318              		.cfi_endproc
 319              	.LFE233:
 321              		.section	.text.HAL_PWREx_EnableGPIOPullDown,"ax",%progbits
 322              		.align	1
 323              		.global	HAL_PWREx_EnableGPIOPullDown
 324              		.syntax unified
 325              		.code	16
 326              		.thumb_func
 327              		.fpu softvfp
 329              	HAL_PWREx_EnableGPIOPullDown:
 330              	.LVL8:
 331              	.LFB234:
 290:Drivers/STM32C0xx_HAL_Driver/Src/stm32c0xx_hal_pwr_ex.c **** 
 291:Drivers/STM32C0xx_HAL_Driver/Src/stm32c0xx_hal_pwr_ex.c **** 
 292:Drivers/STM32C0xx_HAL_Driver/Src/stm32c0xx_hal_pwr_ex.c **** /**
 293:Drivers/STM32C0xx_HAL_Driver/Src/stm32c0xx_hal_pwr_ex.c ****   * @brief  Enable GPIO pull-down state in Standby and Shutdown modes.
 294:Drivers/STM32C0xx_HAL_Driver/Src/stm32c0xx_hal_pwr_ex.c ****   * @note   Set the relevant PDy bit of PWR_PDCRx register to configure the I/O in
 295:Drivers/STM32C0xx_HAL_Driver/Src/stm32c0xx_hal_pwr_ex.c ****   *         pull-down state in Standby and Shutdown modes.
 296:Drivers/STM32C0xx_HAL_Driver/Src/stm32c0xx_hal_pwr_ex.c ****   * @note   This state is effective in Standby and Shutdown modes only if APC bit
 297:Drivers/STM32C0xx_HAL_Driver/Src/stm32c0xx_hal_pwr_ex.c ****   *         is set through HAL_PWREx_EnablePullUpPullDownConfig() API.
 298:Drivers/STM32C0xx_HAL_Driver/Src/stm32c0xx_hal_pwr_ex.c ****   * @note   The configuration is lost when exiting the Shutdown mode due to the
 299:Drivers/STM32C0xx_HAL_Driver/Src/stm32c0xx_hal_pwr_ex.c ****   *         power-on reset, maintained when exiting the Standby mode.
 300:Drivers/STM32C0xx_HAL_Driver/Src/stm32c0xx_hal_pwr_ex.c ****   * @note   To avoid any conflict at Standby and Shutdown modes exits, the corresponding
 301:Drivers/STM32C0xx_HAL_Driver/Src/stm32c0xx_hal_pwr_ex.c ****   *         PUy bit of PWR_PUCRx register is cleared unless it is reserved.
 302:Drivers/STM32C0xx_HAL_Driver/Src/stm32c0xx_hal_pwr_ex.c ****   * @param  GPIO Specify the IO port. This parameter can be PWR_GPIO_A..PWR_GPIO_F
 303:Drivers/STM32C0xx_HAL_Driver/Src/stm32c0xx_hal_pwr_ex.c ****   *         to select the GPIO peripheral.
 304:Drivers/STM32C0xx_HAL_Driver/Src/stm32c0xx_hal_pwr_ex.c ****   * @param  GPIONumber Specify the I/O pins numbers.
 305:Drivers/STM32C0xx_HAL_Driver/Src/stm32c0xx_hal_pwr_ex.c ****   *         This parameter can be one of the following values:
 306:Drivers/STM32C0xx_HAL_Driver/Src/stm32c0xx_hal_pwr_ex.c ****   *         PWR_GPIO_BIT_0, ..., PWR_GPIO_BIT_15 (except for ports where less
 307:Drivers/STM32C0xx_HAL_Driver/Src/stm32c0xx_hal_pwr_ex.c ****   *         I/O pins are available) or the logical OR of several of them to set
 308:Drivers/STM32C0xx_HAL_Driver/Src/stm32c0xx_hal_pwr_ex.c ****   *         several bits for a given port in a single API call.
 309:Drivers/STM32C0xx_HAL_Driver/Src/stm32c0xx_hal_pwr_ex.c ****   * @retval HAL Status
 310:Drivers/STM32C0xx_HAL_Driver/Src/stm32c0xx_hal_pwr_ex.c ****   */
 311:Drivers/STM32C0xx_HAL_Driver/Src/stm32c0xx_hal_pwr_ex.c **** HAL_StatusTypeDef HAL_PWREx_EnableGPIOPullDown(uint32_t GPIO, uint32_t GPIONumber)
 312:Drivers/STM32C0xx_HAL_Driver/Src/stm32c0xx_hal_pwr_ex.c **** {
 332              		.loc 1 312 1 is_stmt 1 view -0
 333              		.cfi_startproc
 334              		@ args = 0, pretend = 0, frame = 0
 335              		@ frame_needed = 0, uses_anonymous_args = 0
 336              		@ link register save eliminated.
 313:Drivers/STM32C0xx_HAL_Driver/Src/stm32c0xx_hal_pwr_ex.c ****   HAL_StatusTypeDef status = HAL_OK;
 337              		.loc 1 313 3 view .LVU68
 314:Drivers/STM32C0xx_HAL_Driver/Src/stm32c0xx_hal_pwr_ex.c **** 
 315:Drivers/STM32C0xx_HAL_Driver/Src/stm32c0xx_hal_pwr_ex.c ****   assert_param(IS_PWR_GPIO(GPIO));
 338              		.loc 1 315 3 view .LVU69
ARM GAS  C:\Users\BHUPEN~1\AppData\Local\Temp\ccEdAhRd.s 			page 13


 316:Drivers/STM32C0xx_HAL_Driver/Src/stm32c0xx_hal_pwr_ex.c ****   assert_param(IS_PWR_GPIO_BIT_NUMBER(GPIONumber));
 339              		.loc 1 316 3 view .LVU70
 317:Drivers/STM32C0xx_HAL_Driver/Src/stm32c0xx_hal_pwr_ex.c **** 
 318:Drivers/STM32C0xx_HAL_Driver/Src/stm32c0xx_hal_pwr_ex.c ****   switch (GPIO)
 340              		.loc 1 318 3 view .LVU71
 341 0000 0528     		cmp	r0, #5
 342 0002 30D8     		bhi	.L37
 343 0004 8000     		lsls	r0, r0, #2
 344              	.LVL9:
 345              		.loc 1 318 3 is_stmt 0 view .LVU72
 346 0006 194B     		ldr	r3, .L38
 347 0008 1B58     		ldr	r3, [r3, r0]
 348 000a 9F46     		mov	pc, r3
 349              		.section	.rodata.HAL_PWREx_EnableGPIOPullDown,"a",%progbits
 350              		.align	2
 351              	.L32:
 352 0000 0C000000 		.word	.L36
 353 0004 1E000000 		.word	.L35
 354 0008 30000000 		.word	.L34
 355 000c 42000000 		.word	.L33
 356 0010 66000000 		.word	.L37
 357 0014 54000000 		.word	.L31
 358              		.section	.text.HAL_PWREx_EnableGPIOPullDown
 359              	.L36:
 319:Drivers/STM32C0xx_HAL_Driver/Src/stm32c0xx_hal_pwr_ex.c ****   {
 320:Drivers/STM32C0xx_HAL_Driver/Src/stm32c0xx_hal_pwr_ex.c ****     case PWR_GPIO_A:
 321:Drivers/STM32C0xx_HAL_Driver/Src/stm32c0xx_hal_pwr_ex.c ****       SET_BIT(PWR->PDCRA, GPIONumber);
 360              		.loc 1 321 7 is_stmt 1 view .LVU73
 361 000c 184B     		ldr	r3, .L38+4
 362 000e 5A6A     		ldr	r2, [r3, #36]
 363 0010 0A43     		orrs	r2, r1
 364 0012 5A62     		str	r2, [r3, #36]
 322:Drivers/STM32C0xx_HAL_Driver/Src/stm32c0xx_hal_pwr_ex.c ****       CLEAR_BIT(PWR->PUCRA, GPIONumber);
 365              		.loc 1 322 7 view .LVU74
 366 0014 1A6A     		ldr	r2, [r3, #32]
 367 0016 8A43     		bics	r2, r1
 368 0018 1A62     		str	r2, [r3, #32]
 323:Drivers/STM32C0xx_HAL_Driver/Src/stm32c0xx_hal_pwr_ex.c ****       break;
 369              		.loc 1 323 7 view .LVU75
 313:Drivers/STM32C0xx_HAL_Driver/Src/stm32c0xx_hal_pwr_ex.c **** 
 370              		.loc 1 313 21 is_stmt 0 view .LVU76
 371 001a 0020     		movs	r0, #0
 372              	.L30:
 373              	.LVL10:
 324:Drivers/STM32C0xx_HAL_Driver/Src/stm32c0xx_hal_pwr_ex.c **** 
 325:Drivers/STM32C0xx_HAL_Driver/Src/stm32c0xx_hal_pwr_ex.c ****     case PWR_GPIO_B:
 326:Drivers/STM32C0xx_HAL_Driver/Src/stm32c0xx_hal_pwr_ex.c ****       SET_BIT(PWR->PDCRB, GPIONumber);
 327:Drivers/STM32C0xx_HAL_Driver/Src/stm32c0xx_hal_pwr_ex.c ****       CLEAR_BIT(PWR->PUCRB, GPIONumber);
 328:Drivers/STM32C0xx_HAL_Driver/Src/stm32c0xx_hal_pwr_ex.c ****       break;
 329:Drivers/STM32C0xx_HAL_Driver/Src/stm32c0xx_hal_pwr_ex.c **** 
 330:Drivers/STM32C0xx_HAL_Driver/Src/stm32c0xx_hal_pwr_ex.c ****     case PWR_GPIO_C:
 331:Drivers/STM32C0xx_HAL_Driver/Src/stm32c0xx_hal_pwr_ex.c ****       SET_BIT(PWR->PDCRC, GPIONumber);
 332:Drivers/STM32C0xx_HAL_Driver/Src/stm32c0xx_hal_pwr_ex.c ****       CLEAR_BIT(PWR->PUCRC, GPIONumber);
 333:Drivers/STM32C0xx_HAL_Driver/Src/stm32c0xx_hal_pwr_ex.c ****       break;
 334:Drivers/STM32C0xx_HAL_Driver/Src/stm32c0xx_hal_pwr_ex.c **** #if defined (GPIOD)
 335:Drivers/STM32C0xx_HAL_Driver/Src/stm32c0xx_hal_pwr_ex.c ****     case PWR_GPIO_D:
 336:Drivers/STM32C0xx_HAL_Driver/Src/stm32c0xx_hal_pwr_ex.c ****       SET_BIT(PWR->PDCRD, GPIONumber);
ARM GAS  C:\Users\BHUPEN~1\AppData\Local\Temp\ccEdAhRd.s 			page 14


 337:Drivers/STM32C0xx_HAL_Driver/Src/stm32c0xx_hal_pwr_ex.c ****       CLEAR_BIT(PWR->PUCRD, GPIONumber);
 338:Drivers/STM32C0xx_HAL_Driver/Src/stm32c0xx_hal_pwr_ex.c ****       break;
 339:Drivers/STM32C0xx_HAL_Driver/Src/stm32c0xx_hal_pwr_ex.c **** #endif /* GPIOD */
 340:Drivers/STM32C0xx_HAL_Driver/Src/stm32c0xx_hal_pwr_ex.c ****     case PWR_GPIO_F:
 341:Drivers/STM32C0xx_HAL_Driver/Src/stm32c0xx_hal_pwr_ex.c ****       SET_BIT(PWR->PDCRF, GPIONumber);
 342:Drivers/STM32C0xx_HAL_Driver/Src/stm32c0xx_hal_pwr_ex.c ****       CLEAR_BIT(PWR->PUCRF, GPIONumber);
 343:Drivers/STM32C0xx_HAL_Driver/Src/stm32c0xx_hal_pwr_ex.c ****       break;
 344:Drivers/STM32C0xx_HAL_Driver/Src/stm32c0xx_hal_pwr_ex.c **** 
 345:Drivers/STM32C0xx_HAL_Driver/Src/stm32c0xx_hal_pwr_ex.c ****     default:
 346:Drivers/STM32C0xx_HAL_Driver/Src/stm32c0xx_hal_pwr_ex.c ****       status = HAL_ERROR;
 347:Drivers/STM32C0xx_HAL_Driver/Src/stm32c0xx_hal_pwr_ex.c ****       break;
 348:Drivers/STM32C0xx_HAL_Driver/Src/stm32c0xx_hal_pwr_ex.c ****   }
 349:Drivers/STM32C0xx_HAL_Driver/Src/stm32c0xx_hal_pwr_ex.c **** 
 350:Drivers/STM32C0xx_HAL_Driver/Src/stm32c0xx_hal_pwr_ex.c ****   return status;
 374              		.loc 1 350 3 is_stmt 1 view .LVU77
 351:Drivers/STM32C0xx_HAL_Driver/Src/stm32c0xx_hal_pwr_ex.c **** }
 375              		.loc 1 351 1 is_stmt 0 view .LVU78
 376              		@ sp needed
 377 001c 7047     		bx	lr
 378              	.LVL11:
 379              	.L35:
 326:Drivers/STM32C0xx_HAL_Driver/Src/stm32c0xx_hal_pwr_ex.c ****       CLEAR_BIT(PWR->PUCRB, GPIONumber);
 380              		.loc 1 326 7 is_stmt 1 view .LVU79
 381 001e 144B     		ldr	r3, .L38+4
 382 0020 DA6A     		ldr	r2, [r3, #44]
 383 0022 0A43     		orrs	r2, r1
 384 0024 DA62     		str	r2, [r3, #44]
 327:Drivers/STM32C0xx_HAL_Driver/Src/stm32c0xx_hal_pwr_ex.c ****       break;
 385              		.loc 1 327 7 view .LVU80
 386 0026 9A6A     		ldr	r2, [r3, #40]
 387 0028 8A43     		bics	r2, r1
 388 002a 9A62     		str	r2, [r3, #40]
 328:Drivers/STM32C0xx_HAL_Driver/Src/stm32c0xx_hal_pwr_ex.c **** 
 389              		.loc 1 328 7 view .LVU81
 313:Drivers/STM32C0xx_HAL_Driver/Src/stm32c0xx_hal_pwr_ex.c **** 
 390              		.loc 1 313 21 is_stmt 0 view .LVU82
 391 002c 0020     		movs	r0, #0
 328:Drivers/STM32C0xx_HAL_Driver/Src/stm32c0xx_hal_pwr_ex.c **** 
 392              		.loc 1 328 7 view .LVU83
 393 002e F5E7     		b	.L30
 394              	.L34:
 331:Drivers/STM32C0xx_HAL_Driver/Src/stm32c0xx_hal_pwr_ex.c ****       CLEAR_BIT(PWR->PUCRC, GPIONumber);
 395              		.loc 1 331 7 is_stmt 1 view .LVU84
 396 0030 0F4B     		ldr	r3, .L38+4
 397 0032 5A6B     		ldr	r2, [r3, #52]
 398 0034 0A43     		orrs	r2, r1
 399 0036 5A63     		str	r2, [r3, #52]
 332:Drivers/STM32C0xx_HAL_Driver/Src/stm32c0xx_hal_pwr_ex.c ****       break;
 400              		.loc 1 332 7 view .LVU85
 401 0038 1A6B     		ldr	r2, [r3, #48]
 402 003a 8A43     		bics	r2, r1
 403 003c 1A63     		str	r2, [r3, #48]
 333:Drivers/STM32C0xx_HAL_Driver/Src/stm32c0xx_hal_pwr_ex.c **** #if defined (GPIOD)
 404              		.loc 1 333 7 view .LVU86
 313:Drivers/STM32C0xx_HAL_Driver/Src/stm32c0xx_hal_pwr_ex.c **** 
 405              		.loc 1 313 21 is_stmt 0 view .LVU87
 406 003e 0020     		movs	r0, #0
ARM GAS  C:\Users\BHUPEN~1\AppData\Local\Temp\ccEdAhRd.s 			page 15


 333:Drivers/STM32C0xx_HAL_Driver/Src/stm32c0xx_hal_pwr_ex.c **** #if defined (GPIOD)
 407              		.loc 1 333 7 view .LVU88
 408 0040 ECE7     		b	.L30
 409              	.L33:
 336:Drivers/STM32C0xx_HAL_Driver/Src/stm32c0xx_hal_pwr_ex.c ****       CLEAR_BIT(PWR->PUCRD, GPIONumber);
 410              		.loc 1 336 7 is_stmt 1 view .LVU89
 411 0042 0B4B     		ldr	r3, .L38+4
 412 0044 DA6B     		ldr	r2, [r3, #60]
 413 0046 0A43     		orrs	r2, r1
 414 0048 DA63     		str	r2, [r3, #60]
 337:Drivers/STM32C0xx_HAL_Driver/Src/stm32c0xx_hal_pwr_ex.c ****       break;
 415              		.loc 1 337 7 view .LVU90
 416 004a 9A6B     		ldr	r2, [r3, #56]
 417 004c 8A43     		bics	r2, r1
 418 004e 9A63     		str	r2, [r3, #56]
 338:Drivers/STM32C0xx_HAL_Driver/Src/stm32c0xx_hal_pwr_ex.c **** #endif /* GPIOD */
 419              		.loc 1 338 7 view .LVU91
 313:Drivers/STM32C0xx_HAL_Driver/Src/stm32c0xx_hal_pwr_ex.c **** 
 420              		.loc 1 313 21 is_stmt 0 view .LVU92
 421 0050 0020     		movs	r0, #0
 338:Drivers/STM32C0xx_HAL_Driver/Src/stm32c0xx_hal_pwr_ex.c **** #endif /* GPIOD */
 422              		.loc 1 338 7 view .LVU93
 423 0052 E3E7     		b	.L30
 424              	.L31:
 341:Drivers/STM32C0xx_HAL_Driver/Src/stm32c0xx_hal_pwr_ex.c ****       CLEAR_BIT(PWR->PUCRF, GPIONumber);
 425              		.loc 1 341 7 is_stmt 1 view .LVU94
 426 0054 064B     		ldr	r3, .L38+4
 427 0056 DA6C     		ldr	r2, [r3, #76]
 428 0058 0A43     		orrs	r2, r1
 429 005a DA64     		str	r2, [r3, #76]
 342:Drivers/STM32C0xx_HAL_Driver/Src/stm32c0xx_hal_pwr_ex.c ****       break;
 430              		.loc 1 342 7 view .LVU95
 431 005c 9A6C     		ldr	r2, [r3, #72]
 432 005e 8A43     		bics	r2, r1
 433 0060 9A64     		str	r2, [r3, #72]
 343:Drivers/STM32C0xx_HAL_Driver/Src/stm32c0xx_hal_pwr_ex.c **** 
 434              		.loc 1 343 7 view .LVU96
 313:Drivers/STM32C0xx_HAL_Driver/Src/stm32c0xx_hal_pwr_ex.c **** 
 435              		.loc 1 313 21 is_stmt 0 view .LVU97
 436 0062 0020     		movs	r0, #0
 343:Drivers/STM32C0xx_HAL_Driver/Src/stm32c0xx_hal_pwr_ex.c **** 
 437              		.loc 1 343 7 view .LVU98
 438 0064 DAE7     		b	.L30
 439              	.L37:
 313:Drivers/STM32C0xx_HAL_Driver/Src/stm32c0xx_hal_pwr_ex.c **** 
 440              		.loc 1 313 21 view .LVU99
 441 0066 0120     		movs	r0, #1
 442 0068 D8E7     		b	.L30
 443              	.L39:
 444 006a C046     		.align	2
 445              	.L38:
 446 006c 00000000 		.word	.L32
 447 0070 00700040 		.word	1073770496
 448              		.cfi_endproc
 449              	.LFE234:
 451              		.section	.text.HAL_PWREx_DisableGPIOPullDown,"ax",%progbits
 452              		.align	1
ARM GAS  C:\Users\BHUPEN~1\AppData\Local\Temp\ccEdAhRd.s 			page 16


 453              		.global	HAL_PWREx_DisableGPIOPullDown
 454              		.syntax unified
 455              		.code	16
 456              		.thumb_func
 457              		.fpu softvfp
 459              	HAL_PWREx_DisableGPIOPullDown:
 460              	.LVL12:
 461              	.LFB235:
 352:Drivers/STM32C0xx_HAL_Driver/Src/stm32c0xx_hal_pwr_ex.c **** 
 353:Drivers/STM32C0xx_HAL_Driver/Src/stm32c0xx_hal_pwr_ex.c **** 
 354:Drivers/STM32C0xx_HAL_Driver/Src/stm32c0xx_hal_pwr_ex.c **** /**
 355:Drivers/STM32C0xx_HAL_Driver/Src/stm32c0xx_hal_pwr_ex.c ****   * @brief  Disable GPIO pull-down state in Standby and Shutdown modes.
 356:Drivers/STM32C0xx_HAL_Driver/Src/stm32c0xx_hal_pwr_ex.c ****   * @note   Reset the relevant PDy bit of PWR_PDCRx register used to configure the I/O
 357:Drivers/STM32C0xx_HAL_Driver/Src/stm32c0xx_hal_pwr_ex.c ****   *         in pull-down state in Standby and Shutdown modes.
 358:Drivers/STM32C0xx_HAL_Driver/Src/stm32c0xx_hal_pwr_ex.c ****   * @param  GPIO Specifies the IO port. This parameter can be PWR_GPIO_A..PWR_GPIO_F
 359:Drivers/STM32C0xx_HAL_Driver/Src/stm32c0xx_hal_pwr_ex.c ****   *         to select the GPIO peripheral.
 360:Drivers/STM32C0xx_HAL_Driver/Src/stm32c0xx_hal_pwr_ex.c ****   * @param  GPIONumber Specify the I/O pins numbers.
 361:Drivers/STM32C0xx_HAL_Driver/Src/stm32c0xx_hal_pwr_ex.c ****   *         This parameter can be one of the following values:
 362:Drivers/STM32C0xx_HAL_Driver/Src/stm32c0xx_hal_pwr_ex.c ****   *         PWR_GPIO_BIT_0, ..., PWR_GPIO_BIT_15 (except for ports where less
 363:Drivers/STM32C0xx_HAL_Driver/Src/stm32c0xx_hal_pwr_ex.c ****   *         I/O pins are available) or the logical OR of several of them to reset
 364:Drivers/STM32C0xx_HAL_Driver/Src/stm32c0xx_hal_pwr_ex.c ****   *         several bits for a given port in a single API call.
 365:Drivers/STM32C0xx_HAL_Driver/Src/stm32c0xx_hal_pwr_ex.c ****   * @retval HAL Status
 366:Drivers/STM32C0xx_HAL_Driver/Src/stm32c0xx_hal_pwr_ex.c ****   */
 367:Drivers/STM32C0xx_HAL_Driver/Src/stm32c0xx_hal_pwr_ex.c **** HAL_StatusTypeDef HAL_PWREx_DisableGPIOPullDown(uint32_t GPIO, uint32_t GPIONumber)
 368:Drivers/STM32C0xx_HAL_Driver/Src/stm32c0xx_hal_pwr_ex.c **** {
 462              		.loc 1 368 1 is_stmt 1 view -0
 463              		.cfi_startproc
 464              		@ args = 0, pretend = 0, frame = 0
 465              		@ frame_needed = 0, uses_anonymous_args = 0
 466              		@ link register save eliminated.
 369:Drivers/STM32C0xx_HAL_Driver/Src/stm32c0xx_hal_pwr_ex.c ****   HAL_StatusTypeDef status = HAL_OK;
 467              		.loc 1 369 3 view .LVU101
 370:Drivers/STM32C0xx_HAL_Driver/Src/stm32c0xx_hal_pwr_ex.c **** 
 371:Drivers/STM32C0xx_HAL_Driver/Src/stm32c0xx_hal_pwr_ex.c ****   assert_param(IS_PWR_GPIO(GPIO));
 468              		.loc 1 371 3 view .LVU102
 372:Drivers/STM32C0xx_HAL_Driver/Src/stm32c0xx_hal_pwr_ex.c ****   assert_param(IS_PWR_GPIO_BIT_NUMBER(GPIONumber));
 469              		.loc 1 372 3 view .LVU103
 373:Drivers/STM32C0xx_HAL_Driver/Src/stm32c0xx_hal_pwr_ex.c **** 
 374:Drivers/STM32C0xx_HAL_Driver/Src/stm32c0xx_hal_pwr_ex.c ****   switch (GPIO)
 470              		.loc 1 374 3 view .LVU104
 471 0000 0528     		cmp	r0, #5
 472 0002 21D8     		bhi	.L48
 473 0004 8000     		lsls	r0, r0, #2
 474              	.LVL13:
 475              		.loc 1 374 3 is_stmt 0 view .LVU105
 476 0006 114B     		ldr	r3, .L49
 477 0008 1B58     		ldr	r3, [r3, r0]
 478 000a 9F46     		mov	pc, r3
 479              		.section	.rodata.HAL_PWREx_DisableGPIOPullDown,"a",%progbits
 480              		.align	2
 481              	.L43:
 482 0000 0C000000 		.word	.L47
 483 0004 18000000 		.word	.L46
 484 0008 24000000 		.word	.L45
 485 000c 30000000 		.word	.L44
 486 0010 48000000 		.word	.L48
 487 0014 3C000000 		.word	.L42
ARM GAS  C:\Users\BHUPEN~1\AppData\Local\Temp\ccEdAhRd.s 			page 17


 488              		.section	.text.HAL_PWREx_DisableGPIOPullDown
 489              	.L47:
 375:Drivers/STM32C0xx_HAL_Driver/Src/stm32c0xx_hal_pwr_ex.c ****   {
 376:Drivers/STM32C0xx_HAL_Driver/Src/stm32c0xx_hal_pwr_ex.c ****     case PWR_GPIO_A:
 377:Drivers/STM32C0xx_HAL_Driver/Src/stm32c0xx_hal_pwr_ex.c ****       CLEAR_BIT(PWR->PDCRA, GPIONumber);
 490              		.loc 1 377 7 is_stmt 1 view .LVU106
 491 000c 104A     		ldr	r2, .L49+4
 492 000e 536A     		ldr	r3, [r2, #36]
 493 0010 8B43     		bics	r3, r1
 494 0012 5362     		str	r3, [r2, #36]
 378:Drivers/STM32C0xx_HAL_Driver/Src/stm32c0xx_hal_pwr_ex.c ****       break;
 495              		.loc 1 378 7 view .LVU107
 369:Drivers/STM32C0xx_HAL_Driver/Src/stm32c0xx_hal_pwr_ex.c **** 
 496              		.loc 1 369 21 is_stmt 0 view .LVU108
 497 0014 0020     		movs	r0, #0
 498              	.L41:
 499              	.LVL14:
 379:Drivers/STM32C0xx_HAL_Driver/Src/stm32c0xx_hal_pwr_ex.c **** 
 380:Drivers/STM32C0xx_HAL_Driver/Src/stm32c0xx_hal_pwr_ex.c ****     case PWR_GPIO_B:
 381:Drivers/STM32C0xx_HAL_Driver/Src/stm32c0xx_hal_pwr_ex.c ****       CLEAR_BIT(PWR->PDCRB, GPIONumber);
 382:Drivers/STM32C0xx_HAL_Driver/Src/stm32c0xx_hal_pwr_ex.c ****       break;
 383:Drivers/STM32C0xx_HAL_Driver/Src/stm32c0xx_hal_pwr_ex.c **** 
 384:Drivers/STM32C0xx_HAL_Driver/Src/stm32c0xx_hal_pwr_ex.c ****     case PWR_GPIO_C:
 385:Drivers/STM32C0xx_HAL_Driver/Src/stm32c0xx_hal_pwr_ex.c ****       CLEAR_BIT(PWR->PDCRC, GPIONumber);
 386:Drivers/STM32C0xx_HAL_Driver/Src/stm32c0xx_hal_pwr_ex.c ****       break;
 387:Drivers/STM32C0xx_HAL_Driver/Src/stm32c0xx_hal_pwr_ex.c **** #if defined (GPIOD)
 388:Drivers/STM32C0xx_HAL_Driver/Src/stm32c0xx_hal_pwr_ex.c ****     case PWR_GPIO_D:
 389:Drivers/STM32C0xx_HAL_Driver/Src/stm32c0xx_hal_pwr_ex.c ****       CLEAR_BIT(PWR->PDCRD, GPIONumber);
 390:Drivers/STM32C0xx_HAL_Driver/Src/stm32c0xx_hal_pwr_ex.c ****       break;
 391:Drivers/STM32C0xx_HAL_Driver/Src/stm32c0xx_hal_pwr_ex.c **** #endif /* GPIOD */
 392:Drivers/STM32C0xx_HAL_Driver/Src/stm32c0xx_hal_pwr_ex.c ****     case PWR_GPIO_F:
 393:Drivers/STM32C0xx_HAL_Driver/Src/stm32c0xx_hal_pwr_ex.c ****       CLEAR_BIT(PWR->PDCRF, GPIONumber);
 394:Drivers/STM32C0xx_HAL_Driver/Src/stm32c0xx_hal_pwr_ex.c ****       break;
 395:Drivers/STM32C0xx_HAL_Driver/Src/stm32c0xx_hal_pwr_ex.c **** 
 396:Drivers/STM32C0xx_HAL_Driver/Src/stm32c0xx_hal_pwr_ex.c ****     default:
 397:Drivers/STM32C0xx_HAL_Driver/Src/stm32c0xx_hal_pwr_ex.c ****       status = HAL_ERROR;
 398:Drivers/STM32C0xx_HAL_Driver/Src/stm32c0xx_hal_pwr_ex.c ****       break;
 399:Drivers/STM32C0xx_HAL_Driver/Src/stm32c0xx_hal_pwr_ex.c ****   }
 400:Drivers/STM32C0xx_HAL_Driver/Src/stm32c0xx_hal_pwr_ex.c **** 
 401:Drivers/STM32C0xx_HAL_Driver/Src/stm32c0xx_hal_pwr_ex.c ****   return status;
 500              		.loc 1 401 3 is_stmt 1 view .LVU109
 402:Drivers/STM32C0xx_HAL_Driver/Src/stm32c0xx_hal_pwr_ex.c **** }
 501              		.loc 1 402 1 is_stmt 0 view .LVU110
 502              		@ sp needed
 503 0016 7047     		bx	lr
 504              	.LVL15:
 505              	.L46:
 381:Drivers/STM32C0xx_HAL_Driver/Src/stm32c0xx_hal_pwr_ex.c ****       break;
 506              		.loc 1 381 7 is_stmt 1 view .LVU111
 507 0018 0D4A     		ldr	r2, .L49+4
 508 001a D36A     		ldr	r3, [r2, #44]
 509 001c 8B43     		bics	r3, r1
 510 001e D362     		str	r3, [r2, #44]
 382:Drivers/STM32C0xx_HAL_Driver/Src/stm32c0xx_hal_pwr_ex.c **** 
 511              		.loc 1 382 7 view .LVU112
 369:Drivers/STM32C0xx_HAL_Driver/Src/stm32c0xx_hal_pwr_ex.c **** 
 512              		.loc 1 369 21 is_stmt 0 view .LVU113
ARM GAS  C:\Users\BHUPEN~1\AppData\Local\Temp\ccEdAhRd.s 			page 18


 513 0020 0020     		movs	r0, #0
 382:Drivers/STM32C0xx_HAL_Driver/Src/stm32c0xx_hal_pwr_ex.c **** 
 514              		.loc 1 382 7 view .LVU114
 515 0022 F8E7     		b	.L41
 516              	.L45:
 385:Drivers/STM32C0xx_HAL_Driver/Src/stm32c0xx_hal_pwr_ex.c ****       break;
 517              		.loc 1 385 7 is_stmt 1 view .LVU115
 518 0024 0A4A     		ldr	r2, .L49+4
 519 0026 536B     		ldr	r3, [r2, #52]
 520 0028 8B43     		bics	r3, r1
 521 002a 5363     		str	r3, [r2, #52]
 386:Drivers/STM32C0xx_HAL_Driver/Src/stm32c0xx_hal_pwr_ex.c **** #if defined (GPIOD)
 522              		.loc 1 386 7 view .LVU116
 369:Drivers/STM32C0xx_HAL_Driver/Src/stm32c0xx_hal_pwr_ex.c **** 
 523              		.loc 1 369 21 is_stmt 0 view .LVU117
 524 002c 0020     		movs	r0, #0
 386:Drivers/STM32C0xx_HAL_Driver/Src/stm32c0xx_hal_pwr_ex.c **** #if defined (GPIOD)
 525              		.loc 1 386 7 view .LVU118
 526 002e F2E7     		b	.L41
 527              	.L44:
 389:Drivers/STM32C0xx_HAL_Driver/Src/stm32c0xx_hal_pwr_ex.c ****       break;
 528              		.loc 1 389 7 is_stmt 1 view .LVU119
 529 0030 074A     		ldr	r2, .L49+4
 530 0032 D36B     		ldr	r3, [r2, #60]
 531 0034 8B43     		bics	r3, r1
 532 0036 D363     		str	r3, [r2, #60]
 390:Drivers/STM32C0xx_HAL_Driver/Src/stm32c0xx_hal_pwr_ex.c **** #endif /* GPIOD */
 533              		.loc 1 390 7 view .LVU120
 369:Drivers/STM32C0xx_HAL_Driver/Src/stm32c0xx_hal_pwr_ex.c **** 
 534              		.loc 1 369 21 is_stmt 0 view .LVU121
 535 0038 0020     		movs	r0, #0
 390:Drivers/STM32C0xx_HAL_Driver/Src/stm32c0xx_hal_pwr_ex.c **** #endif /* GPIOD */
 536              		.loc 1 390 7 view .LVU122
 537 003a ECE7     		b	.L41
 538              	.L42:
 393:Drivers/STM32C0xx_HAL_Driver/Src/stm32c0xx_hal_pwr_ex.c ****       break;
 539              		.loc 1 393 7 is_stmt 1 view .LVU123
 540 003c 044A     		ldr	r2, .L49+4
 541 003e D36C     		ldr	r3, [r2, #76]
 542 0040 8B43     		bics	r3, r1
 543 0042 D364     		str	r3, [r2, #76]
 394:Drivers/STM32C0xx_HAL_Driver/Src/stm32c0xx_hal_pwr_ex.c **** 
 544              		.loc 1 394 7 view .LVU124
 369:Drivers/STM32C0xx_HAL_Driver/Src/stm32c0xx_hal_pwr_ex.c **** 
 545              		.loc 1 369 21 is_stmt 0 view .LVU125
 546 0044 0020     		movs	r0, #0
 394:Drivers/STM32C0xx_HAL_Driver/Src/stm32c0xx_hal_pwr_ex.c **** 
 547              		.loc 1 394 7 view .LVU126
 548 0046 E6E7     		b	.L41
 549              	.L48:
 369:Drivers/STM32C0xx_HAL_Driver/Src/stm32c0xx_hal_pwr_ex.c **** 
 550              		.loc 1 369 21 view .LVU127
 551 0048 0120     		movs	r0, #1
 552 004a E4E7     		b	.L41
 553              	.L50:
 554              		.align	2
 555              	.L49:
ARM GAS  C:\Users\BHUPEN~1\AppData\Local\Temp\ccEdAhRd.s 			page 19


 556 004c 00000000 		.word	.L43
 557 0050 00700040 		.word	1073770496
 558              		.cfi_endproc
 559              	.LFE235:
 561              		.section	.text.HAL_PWREx_EnablePullUpPullDownConfig,"ax",%progbits
 562              		.align	1
 563              		.global	HAL_PWREx_EnablePullUpPullDownConfig
 564              		.syntax unified
 565              		.code	16
 566              		.thumb_func
 567              		.fpu softvfp
 569              	HAL_PWREx_EnablePullUpPullDownConfig:
 570              	.LFB236:
 403:Drivers/STM32C0xx_HAL_Driver/Src/stm32c0xx_hal_pwr_ex.c **** 
 404:Drivers/STM32C0xx_HAL_Driver/Src/stm32c0xx_hal_pwr_ex.c **** 
 405:Drivers/STM32C0xx_HAL_Driver/Src/stm32c0xx_hal_pwr_ex.c **** /**
 406:Drivers/STM32C0xx_HAL_Driver/Src/stm32c0xx_hal_pwr_ex.c ****   * @brief  Enable pull-up and pull-down configuration.
 407:Drivers/STM32C0xx_HAL_Driver/Src/stm32c0xx_hal_pwr_ex.c ****   * @note   When APC bit is set, the I/O pull-up and pull-down configurations defined in
 408:Drivers/STM32C0xx_HAL_Driver/Src/stm32c0xx_hal_pwr_ex.c ****   *         PWR_PUCRx and PWR_PDCRx registers are applied in Standby and Shutdown modes.
 409:Drivers/STM32C0xx_HAL_Driver/Src/stm32c0xx_hal_pwr_ex.c ****   * @note   Pull-up set by PUy bit of PWR_PUCRx register is not activated if the corresponding
 410:Drivers/STM32C0xx_HAL_Driver/Src/stm32c0xx_hal_pwr_ex.c ****   *         PDy bit of PWR_PDCRx register is also set (pull-down configuration priority is higher).
 411:Drivers/STM32C0xx_HAL_Driver/Src/stm32c0xx_hal_pwr_ex.c ****   *         HAL_PWREx_EnableGPIOPullUp() and HAL_PWREx_EnableGPIOPullDown() APIs ensure there
 412:Drivers/STM32C0xx_HAL_Driver/Src/stm32c0xx_hal_pwr_ex.c ****   *         is no conflict when setting PUy or PDy bit.
 413:Drivers/STM32C0xx_HAL_Driver/Src/stm32c0xx_hal_pwr_ex.c ****   * @retval None
 414:Drivers/STM32C0xx_HAL_Driver/Src/stm32c0xx_hal_pwr_ex.c ****   */
 415:Drivers/STM32C0xx_HAL_Driver/Src/stm32c0xx_hal_pwr_ex.c **** void HAL_PWREx_EnablePullUpPullDownConfig(void)
 416:Drivers/STM32C0xx_HAL_Driver/Src/stm32c0xx_hal_pwr_ex.c **** {
 571              		.loc 1 416 1 is_stmt 1 view -0
 572              		.cfi_startproc
 573              		@ args = 0, pretend = 0, frame = 0
 574              		@ frame_needed = 0, uses_anonymous_args = 0
 575              		@ link register save eliminated.
 417:Drivers/STM32C0xx_HAL_Driver/Src/stm32c0xx_hal_pwr_ex.c ****   SET_BIT(PWR->CR3, PWR_CR3_APC);
 576              		.loc 1 417 3 view .LVU129
 577 0000 034A     		ldr	r2, .L52
 578 0002 9168     		ldr	r1, [r2, #8]
 579 0004 8023     		movs	r3, #128
 580 0006 DB00     		lsls	r3, r3, #3
 581 0008 0B43     		orrs	r3, r1
 582 000a 9360     		str	r3, [r2, #8]
 418:Drivers/STM32C0xx_HAL_Driver/Src/stm32c0xx_hal_pwr_ex.c **** }
 583              		.loc 1 418 1 is_stmt 0 view .LVU130
 584              		@ sp needed
 585 000c 7047     		bx	lr
 586              	.L53:
 587 000e C046     		.align	2
 588              	.L52:
 589 0010 00700040 		.word	1073770496
 590              		.cfi_endproc
 591              	.LFE236:
 593              		.section	.text.HAL_PWREx_DisablePullUpPullDownConfig,"ax",%progbits
 594              		.align	1
 595              		.global	HAL_PWREx_DisablePullUpPullDownConfig
 596              		.syntax unified
 597              		.code	16
 598              		.thumb_func
 599              		.fpu softvfp
ARM GAS  C:\Users\BHUPEN~1\AppData\Local\Temp\ccEdAhRd.s 			page 20


 601              	HAL_PWREx_DisablePullUpPullDownConfig:
 602              	.LFB237:
 419:Drivers/STM32C0xx_HAL_Driver/Src/stm32c0xx_hal_pwr_ex.c **** 
 420:Drivers/STM32C0xx_HAL_Driver/Src/stm32c0xx_hal_pwr_ex.c **** /**
 421:Drivers/STM32C0xx_HAL_Driver/Src/stm32c0xx_hal_pwr_ex.c ****   * @brief  Disable pull-up and pull-down configuration.
 422:Drivers/STM32C0xx_HAL_Driver/Src/stm32c0xx_hal_pwr_ex.c ****   * @note   When APC bit is cleared, the I/O pull-up and pull-down configurations defined in
 423:Drivers/STM32C0xx_HAL_Driver/Src/stm32c0xx_hal_pwr_ex.c ****   *         PWR_PUCRx and PWR_PDCRx registers are not applied in Standby and Shutdown modes.
 424:Drivers/STM32C0xx_HAL_Driver/Src/stm32c0xx_hal_pwr_ex.c ****   * @retval None
 425:Drivers/STM32C0xx_HAL_Driver/Src/stm32c0xx_hal_pwr_ex.c ****   */
 426:Drivers/STM32C0xx_HAL_Driver/Src/stm32c0xx_hal_pwr_ex.c **** void HAL_PWREx_DisablePullUpPullDownConfig(void)
 427:Drivers/STM32C0xx_HAL_Driver/Src/stm32c0xx_hal_pwr_ex.c **** {
 603              		.loc 1 427 1 is_stmt 1 view -0
 604              		.cfi_startproc
 605              		@ args = 0, pretend = 0, frame = 0
 606              		@ frame_needed = 0, uses_anonymous_args = 0
 607              		@ link register save eliminated.
 428:Drivers/STM32C0xx_HAL_Driver/Src/stm32c0xx_hal_pwr_ex.c ****   CLEAR_BIT(PWR->CR3, PWR_CR3_APC);
 608              		.loc 1 428 3 view .LVU132
 609 0000 024A     		ldr	r2, .L55
 610 0002 9368     		ldr	r3, [r2, #8]
 611 0004 0249     		ldr	r1, .L55+4
 612 0006 0B40     		ands	r3, r1
 613 0008 9360     		str	r3, [r2, #8]
 429:Drivers/STM32C0xx_HAL_Driver/Src/stm32c0xx_hal_pwr_ex.c **** }
 614              		.loc 1 429 1 is_stmt 0 view .LVU133
 615              		@ sp needed
 616 000a 7047     		bx	lr
 617              	.L56:
 618              		.align	2
 619              	.L55:
 620 000c 00700040 		.word	1073770496
 621 0010 FFFBFFFF 		.word	-1025
 622              		.cfi_endproc
 623              	.LFE237:
 625              		.section	.text.HAL_PWREx_EnableFlashPowerDown,"ax",%progbits
 626              		.align	1
 627              		.global	HAL_PWREx_EnableFlashPowerDown
 628              		.syntax unified
 629              		.code	16
 630              		.thumb_func
 631              		.fpu softvfp
 633              	HAL_PWREx_EnableFlashPowerDown:
 634              	.LVL16:
 635              	.LFB238:
 430:Drivers/STM32C0xx_HAL_Driver/Src/stm32c0xx_hal_pwr_ex.c **** 
 431:Drivers/STM32C0xx_HAL_Driver/Src/stm32c0xx_hal_pwr_ex.c **** 
 432:Drivers/STM32C0xx_HAL_Driver/Src/stm32c0xx_hal_pwr_ex.c **** /**
 433:Drivers/STM32C0xx_HAL_Driver/Src/stm32c0xx_hal_pwr_ex.c ****   * @brief  Enable Flash Power Down.
 434:Drivers/STM32C0xx_HAL_Driver/Src/stm32c0xx_hal_pwr_ex.c ****   * @note   This API allows to enable flash power down capabilities in sleep and stop modes.
 435:Drivers/STM32C0xx_HAL_Driver/Src/stm32c0xx_hal_pwr_ex.c ****   * @param  PowerMode this can be a combination of following values:
 436:Drivers/STM32C0xx_HAL_Driver/Src/stm32c0xx_hal_pwr_ex.c ****   *           @arg @ref PWR_FLASHPD_SLEEP
 437:Drivers/STM32C0xx_HAL_Driver/Src/stm32c0xx_hal_pwr_ex.c ****   *           @arg @ref PWR_FLASHPD_STOP
 438:Drivers/STM32C0xx_HAL_Driver/Src/stm32c0xx_hal_pwr_ex.c ****   * @retval None
 439:Drivers/STM32C0xx_HAL_Driver/Src/stm32c0xx_hal_pwr_ex.c ****   */
 440:Drivers/STM32C0xx_HAL_Driver/Src/stm32c0xx_hal_pwr_ex.c **** void HAL_PWREx_EnableFlashPowerDown(uint32_t PowerMode)
 441:Drivers/STM32C0xx_HAL_Driver/Src/stm32c0xx_hal_pwr_ex.c **** {
 636              		.loc 1 441 1 is_stmt 1 view -0
ARM GAS  C:\Users\BHUPEN~1\AppData\Local\Temp\ccEdAhRd.s 			page 21


 637              		.cfi_startproc
 638              		@ args = 0, pretend = 0, frame = 0
 639              		@ frame_needed = 0, uses_anonymous_args = 0
 640              		@ link register save eliminated.
 442:Drivers/STM32C0xx_HAL_Driver/Src/stm32c0xx_hal_pwr_ex.c ****   assert_param(IS_PWR_FLASH_POWERDOWN(PowerMode));
 641              		.loc 1 442 3 view .LVU135
 443:Drivers/STM32C0xx_HAL_Driver/Src/stm32c0xx_hal_pwr_ex.c **** 
 444:Drivers/STM32C0xx_HAL_Driver/Src/stm32c0xx_hal_pwr_ex.c ****   PWR->CR1 |= PowerMode;
 642              		.loc 1 444 3 view .LVU136
 643              		.loc 1 444 12 is_stmt 0 view .LVU137
 644 0000 024A     		ldr	r2, .L58
 645 0002 1368     		ldr	r3, [r2]
 646 0004 0343     		orrs	r3, r0
 647 0006 1360     		str	r3, [r2]
 445:Drivers/STM32C0xx_HAL_Driver/Src/stm32c0xx_hal_pwr_ex.c **** }
 648              		.loc 1 445 1 view .LVU138
 649              		@ sp needed
 650 0008 7047     		bx	lr
 651              	.L59:
 652 000a C046     		.align	2
 653              	.L58:
 654 000c 00700040 		.word	1073770496
 655              		.cfi_endproc
 656              	.LFE238:
 658              		.section	.text.HAL_PWREx_DisableFlashPowerDown,"ax",%progbits
 659              		.align	1
 660              		.global	HAL_PWREx_DisableFlashPowerDown
 661              		.syntax unified
 662              		.code	16
 663              		.thumb_func
 664              		.fpu softvfp
 666              	HAL_PWREx_DisableFlashPowerDown:
 667              	.LVL17:
 668              	.LFB239:
 446:Drivers/STM32C0xx_HAL_Driver/Src/stm32c0xx_hal_pwr_ex.c **** 
 447:Drivers/STM32C0xx_HAL_Driver/Src/stm32c0xx_hal_pwr_ex.c **** 
 448:Drivers/STM32C0xx_HAL_Driver/Src/stm32c0xx_hal_pwr_ex.c **** /**
 449:Drivers/STM32C0xx_HAL_Driver/Src/stm32c0xx_hal_pwr_ex.c ****   * @brief  Disable Flash Power Down.
 450:Drivers/STM32C0xx_HAL_Driver/Src/stm32c0xx_hal_pwr_ex.c ****   * @note   This API allows to disable flash power down capabilities in sleep and stop modes.
 451:Drivers/STM32C0xx_HAL_Driver/Src/stm32c0xx_hal_pwr_ex.c ****   * @param  PowerMode this can be a combination of following values:
 452:Drivers/STM32C0xx_HAL_Driver/Src/stm32c0xx_hal_pwr_ex.c ****   *           @arg @ref PWR_FLASHPD_SLEEP
 453:Drivers/STM32C0xx_HAL_Driver/Src/stm32c0xx_hal_pwr_ex.c ****   *           @arg @ref PWR_FLASHPD_STOP
 454:Drivers/STM32C0xx_HAL_Driver/Src/stm32c0xx_hal_pwr_ex.c ****   * @retval None
 455:Drivers/STM32C0xx_HAL_Driver/Src/stm32c0xx_hal_pwr_ex.c ****   */
 456:Drivers/STM32C0xx_HAL_Driver/Src/stm32c0xx_hal_pwr_ex.c **** void HAL_PWREx_DisableFlashPowerDown(uint32_t PowerMode)
 457:Drivers/STM32C0xx_HAL_Driver/Src/stm32c0xx_hal_pwr_ex.c **** {
 669              		.loc 1 457 1 is_stmt 1 view -0
 670              		.cfi_startproc
 671              		@ args = 0, pretend = 0, frame = 0
 672              		@ frame_needed = 0, uses_anonymous_args = 0
 673              		@ link register save eliminated.
 458:Drivers/STM32C0xx_HAL_Driver/Src/stm32c0xx_hal_pwr_ex.c ****   assert_param(IS_PWR_FLASH_POWERDOWN(PowerMode));
 674              		.loc 1 458 3 view .LVU140
 459:Drivers/STM32C0xx_HAL_Driver/Src/stm32c0xx_hal_pwr_ex.c **** 
 460:Drivers/STM32C0xx_HAL_Driver/Src/stm32c0xx_hal_pwr_ex.c ****   PWR->CR1 &= ~PowerMode;
 675              		.loc 1 460 3 view .LVU141
 676              		.loc 1 460 12 is_stmt 0 view .LVU142
ARM GAS  C:\Users\BHUPEN~1\AppData\Local\Temp\ccEdAhRd.s 			page 22


 677 0000 024A     		ldr	r2, .L61
 678 0002 1368     		ldr	r3, [r2]
 679 0004 8343     		bics	r3, r0
 680 0006 1360     		str	r3, [r2]
 461:Drivers/STM32C0xx_HAL_Driver/Src/stm32c0xx_hal_pwr_ex.c **** }
 681              		.loc 1 461 1 view .LVU143
 682              		@ sp needed
 683 0008 7047     		bx	lr
 684              	.L62:
 685 000a C046     		.align	2
 686              	.L61:
 687 000c 00700040 		.word	1073770496
 688              		.cfi_endproc
 689              	.LFE239:
 691              		.section	.text.HAL_PWREx_EnterSHUTDOWNMode,"ax",%progbits
 692              		.align	1
 693              		.global	HAL_PWREx_EnterSHUTDOWNMode
 694              		.syntax unified
 695              		.code	16
 696              		.thumb_func
 697              		.fpu softvfp
 699              	HAL_PWREx_EnterSHUTDOWNMode:
 700              	.LFB240:
 462:Drivers/STM32C0xx_HAL_Driver/Src/stm32c0xx_hal_pwr_ex.c **** 
 463:Drivers/STM32C0xx_HAL_Driver/Src/stm32c0xx_hal_pwr_ex.c **** 
 464:Drivers/STM32C0xx_HAL_Driver/Src/stm32c0xx_hal_pwr_ex.c **** /**
 465:Drivers/STM32C0xx_HAL_Driver/Src/stm32c0xx_hal_pwr_ex.c ****   * @brief  Enter Shutdown mode.
 466:Drivers/STM32C0xx_HAL_Driver/Src/stm32c0xx_hal_pwr_ex.c ****   * @note   In Shutdown mode, the PLL, the HSI, the LSI and the HSE oscillators are switched
 467:Drivers/STM32C0xx_HAL_Driver/Src/stm32c0xx_hal_pwr_ex.c ****   *         off. The voltage regulator is disabled and Vcore domain is powered off.
 468:Drivers/STM32C0xx_HAL_Driver/Src/stm32c0xx_hal_pwr_ex.c ****   *         SRAM and registers contents are lost except for registers in the Backup domain.
 469:Drivers/STM32C0xx_HAL_Driver/Src/stm32c0xx_hal_pwr_ex.c ****   *         The BOR is not available.
 470:Drivers/STM32C0xx_HAL_Driver/Src/stm32c0xx_hal_pwr_ex.c ****   * @note   The I/Os can be configured either with a pull-up or pull-down or can
 471:Drivers/STM32C0xx_HAL_Driver/Src/stm32c0xx_hal_pwr_ex.c ****   *         be kept in analog state.
 472:Drivers/STM32C0xx_HAL_Driver/Src/stm32c0xx_hal_pwr_ex.c ****   *         HAL_PWREx_EnableGPIOPullUp() and HAL_PWREx_EnableGPIOPullDown()
 473:Drivers/STM32C0xx_HAL_Driver/Src/stm32c0xx_hal_pwr_ex.c ****   *         respectively enable Pull Up and PullDown state.
 474:Drivers/STM32C0xx_HAL_Driver/Src/stm32c0xx_hal_pwr_ex.c ****   *         HAL_PWREx_DisableGPIOPullUp() & HAL_PWREx_DisableGPIOPullDown()
 475:Drivers/STM32C0xx_HAL_Driver/Src/stm32c0xx_hal_pwr_ex.c ****   *         disable the same. These states are effective in Standby mode only if
 476:Drivers/STM32C0xx_HAL_Driver/Src/stm32c0xx_hal_pwr_ex.c ****   *         APC bit is set through HAL_PWREx_EnablePullUpPullDownConfig() API.
 477:Drivers/STM32C0xx_HAL_Driver/Src/stm32c0xx_hal_pwr_ex.c ****   * @retval None
 478:Drivers/STM32C0xx_HAL_Driver/Src/stm32c0xx_hal_pwr_ex.c **** 
 479:Drivers/STM32C0xx_HAL_Driver/Src/stm32c0xx_hal_pwr_ex.c ****   * @retval None
 480:Drivers/STM32C0xx_HAL_Driver/Src/stm32c0xx_hal_pwr_ex.c ****   */
 481:Drivers/STM32C0xx_HAL_Driver/Src/stm32c0xx_hal_pwr_ex.c **** void HAL_PWREx_EnterSHUTDOWNMode(void)
 482:Drivers/STM32C0xx_HAL_Driver/Src/stm32c0xx_hal_pwr_ex.c **** {
 701              		.loc 1 482 1 is_stmt 1 view -0
 702              		.cfi_startproc
 703              		@ args = 0, pretend = 0, frame = 0
 704              		@ frame_needed = 0, uses_anonymous_args = 0
 705              		@ link register save eliminated.
 483:Drivers/STM32C0xx_HAL_Driver/Src/stm32c0xx_hal_pwr_ex.c ****   /* Set Shutdown mode */
 484:Drivers/STM32C0xx_HAL_Driver/Src/stm32c0xx_hal_pwr_ex.c ****   MODIFY_REG(PWR->CR1, PWR_CR1_LPMS, PWR_LOWPOWERMODE_SHUTDOWN);
 706              		.loc 1 484 3 view .LVU145
 707 0000 064A     		ldr	r2, .L64
 708 0002 1368     		ldr	r3, [r2]
 709 0004 0721     		movs	r1, #7
 710 0006 8B43     		bics	r3, r1
 711 0008 0339     		subs	r1, r1, #3
ARM GAS  C:\Users\BHUPEN~1\AppData\Local\Temp\ccEdAhRd.s 			page 23


 712 000a 0B43     		orrs	r3, r1
 713 000c 1360     		str	r3, [r2]
 485:Drivers/STM32C0xx_HAL_Driver/Src/stm32c0xx_hal_pwr_ex.c **** 
 486:Drivers/STM32C0xx_HAL_Driver/Src/stm32c0xx_hal_pwr_ex.c ****   /* Set SLEEPDEEP bit of Cortex System Control Register */
 487:Drivers/STM32C0xx_HAL_Driver/Src/stm32c0xx_hal_pwr_ex.c ****   SET_BIT(SCB->SCR, ((uint32_t)SCB_SCR_SLEEPDEEP_Msk));
 714              		.loc 1 487 3 view .LVU146
 715 000e 044A     		ldr	r2, .L64+4
 716 0010 1369     		ldr	r3, [r2, #16]
 717 0012 0B43     		orrs	r3, r1
 718 0014 1361     		str	r3, [r2, #16]
 488:Drivers/STM32C0xx_HAL_Driver/Src/stm32c0xx_hal_pwr_ex.c **** 
 489:Drivers/STM32C0xx_HAL_Driver/Src/stm32c0xx_hal_pwr_ex.c ****   /* This option is used to ensure that store operations are completed */
 490:Drivers/STM32C0xx_HAL_Driver/Src/stm32c0xx_hal_pwr_ex.c **** #if defined ( __CC_ARM)
 491:Drivers/STM32C0xx_HAL_Driver/Src/stm32c0xx_hal_pwr_ex.c ****   __force_stores();
 492:Drivers/STM32C0xx_HAL_Driver/Src/stm32c0xx_hal_pwr_ex.c **** #endif /* __CC_ARM */
 493:Drivers/STM32C0xx_HAL_Driver/Src/stm32c0xx_hal_pwr_ex.c **** 
 494:Drivers/STM32C0xx_HAL_Driver/Src/stm32c0xx_hal_pwr_ex.c ****   /* Request Wait For Interrupt */
 495:Drivers/STM32C0xx_HAL_Driver/Src/stm32c0xx_hal_pwr_ex.c ****   __WFI();
 719              		.loc 1 495 3 view .LVU147
 720              		.syntax divided
 721              	@ 495 "Drivers/STM32C0xx_HAL_Driver/Src/stm32c0xx_hal_pwr_ex.c" 1
 722 0016 30BF     		wfi
 723              	@ 0 "" 2
 496:Drivers/STM32C0xx_HAL_Driver/Src/stm32c0xx_hal_pwr_ex.c **** }
 724              		.loc 1 496 1 is_stmt 0 view .LVU148
 725              		.thumb
 726              		.syntax unified
 727              		@ sp needed
 728 0018 7047     		bx	lr
 729              	.L65:
 730 001a C046     		.align	2
 731              	.L64:
 732 001c 00700040 		.word	1073770496
 733 0020 00ED00E0 		.word	-536810240
 734              		.cfi_endproc
 735              	.LFE240:
 737              		.section	.text.HAL_PWREx_BKUPWrite,"ax",%progbits
 738              		.align	1
 739              		.global	HAL_PWREx_BKUPWrite
 740              		.syntax unified
 741              		.code	16
 742              		.thumb_func
 743              		.fpu softvfp
 745              	HAL_PWREx_BKUPWrite:
 746              	.LVL18:
 747              	.LFB241:
 497:Drivers/STM32C0xx_HAL_Driver/Src/stm32c0xx_hal_pwr_ex.c **** 
 498:Drivers/STM32C0xx_HAL_Driver/Src/stm32c0xx_hal_pwr_ex.c **** /**
 499:Drivers/STM32C0xx_HAL_Driver/Src/stm32c0xx_hal_pwr_ex.c ****   * @}
 500:Drivers/STM32C0xx_HAL_Driver/Src/stm32c0xx_hal_pwr_ex.c ****   */
 501:Drivers/STM32C0xx_HAL_Driver/Src/stm32c0xx_hal_pwr_ex.c **** 
 502:Drivers/STM32C0xx_HAL_Driver/Src/stm32c0xx_hal_pwr_ex.c **** /** @addtogroup PWREx_Exported_Functions_Group2 Extended PWR Backup register functions
 503:Drivers/STM32C0xx_HAL_Driver/Src/stm32c0xx_hal_pwr_ex.c ****   * @brief      Extended PWR Backup register functions
 504:Drivers/STM32C0xx_HAL_Driver/Src/stm32c0xx_hal_pwr_ex.c ****   *
 505:Drivers/STM32C0xx_HAL_Driver/Src/stm32c0xx_hal_pwr_ex.c **** @verbatim
 506:Drivers/STM32C0xx_HAL_Driver/Src/stm32c0xx_hal_pwr_ex.c ****   ===============================================================================
 507:Drivers/STM32C0xx_HAL_Driver/Src/stm32c0xx_hal_pwr_ex.c ****              ##### Extended PWR Backup register functions #####
ARM GAS  C:\Users\BHUPEN~1\AppData\Local\Temp\ccEdAhRd.s 			page 24


 508:Drivers/STM32C0xx_HAL_Driver/Src/stm32c0xx_hal_pwr_ex.c ****   ===============================================================================
 509:Drivers/STM32C0xx_HAL_Driver/Src/stm32c0xx_hal_pwr_ex.c ****   [..]
 510:Drivers/STM32C0xx_HAL_Driver/Src/stm32c0xx_hal_pwr_ex.c ****    This subsection provides functions allowing to
 511:Drivers/STM32C0xx_HAL_Driver/Src/stm32c0xx_hal_pwr_ex.c ****    (+) Write a data in a specified PWR Backup data register
 512:Drivers/STM32C0xx_HAL_Driver/Src/stm32c0xx_hal_pwr_ex.c ****    (+) Read a data in a specified PWR Backup data register
 513:Drivers/STM32C0xx_HAL_Driver/Src/stm32c0xx_hal_pwr_ex.c **** @endverbatim
 514:Drivers/STM32C0xx_HAL_Driver/Src/stm32c0xx_hal_pwr_ex.c ****   * @{
 515:Drivers/STM32C0xx_HAL_Driver/Src/stm32c0xx_hal_pwr_ex.c ****   */
 516:Drivers/STM32C0xx_HAL_Driver/Src/stm32c0xx_hal_pwr_ex.c **** 
 517:Drivers/STM32C0xx_HAL_Driver/Src/stm32c0xx_hal_pwr_ex.c **** 
 518:Drivers/STM32C0xx_HAL_Driver/Src/stm32c0xx_hal_pwr_ex.c **** /**
 519:Drivers/STM32C0xx_HAL_Driver/Src/stm32c0xx_hal_pwr_ex.c ****   * @brief  Write a data in a specified PWR Backup data register.
 520:Drivers/STM32C0xx_HAL_Driver/Src/stm32c0xx_hal_pwr_ex.c ****   * @param  BackupRegister PWR Backup data Register number.
 521:Drivers/STM32C0xx_HAL_Driver/Src/stm32c0xx_hal_pwr_ex.c ****   *          This parameter can be PWR_BKP_DRx where x can be from 0 to PWR_BACKUP_NB
 522:Drivers/STM32C0xx_HAL_Driver/Src/stm32c0xx_hal_pwr_ex.c ****   * @param  Data Data to be written in the specified Backup data register.
 523:Drivers/STM32C0xx_HAL_Driver/Src/stm32c0xx_hal_pwr_ex.c ****   * @retval None
 524:Drivers/STM32C0xx_HAL_Driver/Src/stm32c0xx_hal_pwr_ex.c ****   */
 525:Drivers/STM32C0xx_HAL_Driver/Src/stm32c0xx_hal_pwr_ex.c **** void HAL_PWREx_BKUPWrite(uint32_t BackupRegister, uint16_t Data)
 526:Drivers/STM32C0xx_HAL_Driver/Src/stm32c0xx_hal_pwr_ex.c **** {
 748              		.loc 1 526 1 is_stmt 1 view -0
 749              		.cfi_startproc
 750              		@ args = 0, pretend = 0, frame = 0
 751              		@ frame_needed = 0, uses_anonymous_args = 0
 752              		@ link register save eliminated.
 527:Drivers/STM32C0xx_HAL_Driver/Src/stm32c0xx_hal_pwr_ex.c ****   uint32_t tmp;
 753              		.loc 1 527 3 view .LVU150
 528:Drivers/STM32C0xx_HAL_Driver/Src/stm32c0xx_hal_pwr_ex.c **** 
 529:Drivers/STM32C0xx_HAL_Driver/Src/stm32c0xx_hal_pwr_ex.c ****   /* Check the parameters */
 530:Drivers/STM32C0xx_HAL_Driver/Src/stm32c0xx_hal_pwr_ex.c ****   assert_param(IS_PWR_BKP(BackupRegister));
 754              		.loc 1 530 3 view .LVU151
 531:Drivers/STM32C0xx_HAL_Driver/Src/stm32c0xx_hal_pwr_ex.c **** 
 532:Drivers/STM32C0xx_HAL_Driver/Src/stm32c0xx_hal_pwr_ex.c ****   tmp = (uint32_t) &(PWR->BKP0R);
 755              		.loc 1 532 3 view .LVU152
 533:Drivers/STM32C0xx_HAL_Driver/Src/stm32c0xx_hal_pwr_ex.c ****   tmp += (BackupRegister * 4U);
 756              		.loc 1 533 3 view .LVU153
 757              		.loc 1 533 26 is_stmt 0 view .LVU154
 758 0000 8000     		lsls	r0, r0, #2
 759              	.LVL19:
 760              		.loc 1 533 7 view .LVU155
 761 0002 024B     		ldr	r3, .L67
 762 0004 9C46     		mov	ip, r3
 763 0006 6044     		add	r0, r0, ip
 764              	.LVL20:
 534:Drivers/STM32C0xx_HAL_Driver/Src/stm32c0xx_hal_pwr_ex.c **** 
 535:Drivers/STM32C0xx_HAL_Driver/Src/stm32c0xx_hal_pwr_ex.c ****   /* Write the specified register */
 536:Drivers/STM32C0xx_HAL_Driver/Src/stm32c0xx_hal_pwr_ex.c ****   *(__IO uint32_t *)tmp = (uint16_t)Data;
 765              		.loc 1 536 3 is_stmt 1 view .LVU156
 766              		.loc 1 536 25 is_stmt 0 view .LVU157
 767 0008 0160     		str	r1, [r0]
 537:Drivers/STM32C0xx_HAL_Driver/Src/stm32c0xx_hal_pwr_ex.c **** }
 768              		.loc 1 537 1 view .LVU158
 769              		@ sp needed
 770 000a 7047     		bx	lr
 771              	.L68:
 772              		.align	2
 773              	.L67:
 774 000c 70700040 		.word	1073770608
ARM GAS  C:\Users\BHUPEN~1\AppData\Local\Temp\ccEdAhRd.s 			page 25


 775              		.cfi_endproc
 776              	.LFE241:
 778              		.section	.text.HAL_PWREx_BKUPRead,"ax",%progbits
 779              		.align	1
 780              		.global	HAL_PWREx_BKUPRead
 781              		.syntax unified
 782              		.code	16
 783              		.thumb_func
 784              		.fpu softvfp
 786              	HAL_PWREx_BKUPRead:
 787              	.LVL21:
 788              	.LFB242:
 538:Drivers/STM32C0xx_HAL_Driver/Src/stm32c0xx_hal_pwr_ex.c **** 
 539:Drivers/STM32C0xx_HAL_Driver/Src/stm32c0xx_hal_pwr_ex.c **** 
 540:Drivers/STM32C0xx_HAL_Driver/Src/stm32c0xx_hal_pwr_ex.c **** /**
 541:Drivers/STM32C0xx_HAL_Driver/Src/stm32c0xx_hal_pwr_ex.c ****   * @brief  Reads data from the specified PWR Backup data Register.
 542:Drivers/STM32C0xx_HAL_Driver/Src/stm32c0xx_hal_pwr_ex.c ****   * @param  BackupRegister PWR Backup data Register number.
 543:Drivers/STM32C0xx_HAL_Driver/Src/stm32c0xx_hal_pwr_ex.c ****   *          This parameter can be PWR_BKP_DRx where x can be from 0 to PWR_BACKUP_NB
 544:Drivers/STM32C0xx_HAL_Driver/Src/stm32c0xx_hal_pwr_ex.c ****   * @retval Read value
 545:Drivers/STM32C0xx_HAL_Driver/Src/stm32c0xx_hal_pwr_ex.c ****   */
 546:Drivers/STM32C0xx_HAL_Driver/Src/stm32c0xx_hal_pwr_ex.c **** uint32_t HAL_PWREx_BKUPRead(uint32_t BackupRegister)
 547:Drivers/STM32C0xx_HAL_Driver/Src/stm32c0xx_hal_pwr_ex.c **** {
 789              		.loc 1 547 1 is_stmt 1 view -0
 790              		.cfi_startproc
 791              		@ args = 0, pretend = 0, frame = 0
 792              		@ frame_needed = 0, uses_anonymous_args = 0
 793              		@ link register save eliminated.
 548:Drivers/STM32C0xx_HAL_Driver/Src/stm32c0xx_hal_pwr_ex.c ****   uint32_t tmp;
 794              		.loc 1 548 3 view .LVU160
 549:Drivers/STM32C0xx_HAL_Driver/Src/stm32c0xx_hal_pwr_ex.c **** 
 550:Drivers/STM32C0xx_HAL_Driver/Src/stm32c0xx_hal_pwr_ex.c ****   /* Check the parameters */
 551:Drivers/STM32C0xx_HAL_Driver/Src/stm32c0xx_hal_pwr_ex.c ****   assert_param(IS_PWR_BKP(BackupRegister));
 795              		.loc 1 551 3 view .LVU161
 552:Drivers/STM32C0xx_HAL_Driver/Src/stm32c0xx_hal_pwr_ex.c **** 
 553:Drivers/STM32C0xx_HAL_Driver/Src/stm32c0xx_hal_pwr_ex.c ****   tmp = (uint32_t) &(PWR->BKP0R);
 796              		.loc 1 553 3 view .LVU162
 554:Drivers/STM32C0xx_HAL_Driver/Src/stm32c0xx_hal_pwr_ex.c ****   tmp += (BackupRegister * 4U);
 797              		.loc 1 554 3 view .LVU163
 798              		.loc 1 554 26 is_stmt 0 view .LVU164
 799 0000 8000     		lsls	r0, r0, #2
 800              	.LVL22:
 801              		.loc 1 554 7 view .LVU165
 802 0002 024B     		ldr	r3, .L70
 803 0004 9C46     		mov	ip, r3
 804 0006 6044     		add	r0, r0, ip
 805              	.LVL23:
 555:Drivers/STM32C0xx_HAL_Driver/Src/stm32c0xx_hal_pwr_ex.c **** 
 556:Drivers/STM32C0xx_HAL_Driver/Src/stm32c0xx_hal_pwr_ex.c ****   /* Read the specified register */
 557:Drivers/STM32C0xx_HAL_Driver/Src/stm32c0xx_hal_pwr_ex.c ****   return (*(__IO uint32_t *)tmp);
 806              		.loc 1 557 3 is_stmt 1 view .LVU166
 807              		.loc 1 557 11 is_stmt 0 view .LVU167
 808 0008 0068     		ldr	r0, [r0]
 809              	.LVL24:
 558:Drivers/STM32C0xx_HAL_Driver/Src/stm32c0xx_hal_pwr_ex.c **** }
 810              		.loc 1 558 1 view .LVU168
 811              		@ sp needed
 812 000a 7047     		bx	lr
ARM GAS  C:\Users\BHUPEN~1\AppData\Local\Temp\ccEdAhRd.s 			page 26


 813              	.L71:
 814              		.align	2
 815              	.L70:
 816 000c 70700040 		.word	1073770608
 817              		.cfi_endproc
 818              	.LFE242:
 820              		.text
 821              	.Letext0:
 822              		.file 2 "c:\\gcc-arm-none-eabi-10-2020-q4-major\\arm-none-eabi\\include\\machine\\_default_types.h
 823              		.file 3 "c:\\gcc-arm-none-eabi-10-2020-q4-major\\arm-none-eabi\\include\\sys\\_stdint.h"
 824              		.file 4 "Drivers/CMSIS/Include/core_cm0plus.h"
 825              		.file 5 "Drivers/CMSIS/Device/ST/STM32C0xx/Include/stm32c092xx.h"
 826              		.file 6 "Drivers/STM32C0xx_HAL_Driver/Inc/stm32c0xx_hal_def.h"
ARM GAS  C:\Users\BHUPEN~1\AppData\Local\Temp\ccEdAhRd.s 			page 27


DEFINED SYMBOLS
                            *ABS*:00000000 stm32c0xx_hal_pwr_ex.c
C:\Users\BHUPEN~1\AppData\Local\Temp\ccEdAhRd.s:16     .text.HAL_PWREx_EnableInternalWakeUpLine:00000000 $t
C:\Users\BHUPEN~1\AppData\Local\Temp\ccEdAhRd.s:24     .text.HAL_PWREx_EnableInternalWakeUpLine:00000000 HAL_PWREx_EnableInternalWakeUpLine
C:\Users\BHUPEN~1\AppData\Local\Temp\ccEdAhRd.s:45     .text.HAL_PWREx_EnableInternalWakeUpLine:00000010 $d
C:\Users\BHUPEN~1\AppData\Local\Temp\ccEdAhRd.s:50     .text.HAL_PWREx_DisableInternalWakeUpLine:00000000 $t
C:\Users\BHUPEN~1\AppData\Local\Temp\ccEdAhRd.s:57     .text.HAL_PWREx_DisableInternalWakeUpLine:00000000 HAL_PWREx_DisableInternalWakeUpLine
C:\Users\BHUPEN~1\AppData\Local\Temp\ccEdAhRd.s:76     .text.HAL_PWREx_DisableInternalWakeUpLine:0000000c $d
C:\Users\BHUPEN~1\AppData\Local\Temp\ccEdAhRd.s:82     .text.HAL_PWREx_EnableGPIOPullUp:00000000 $t
C:\Users\BHUPEN~1\AppData\Local\Temp\ccEdAhRd.s:89     .text.HAL_PWREx_EnableGPIOPullUp:00000000 HAL_PWREx_EnableGPIOPullUp
C:\Users\BHUPEN~1\AppData\Local\Temp\ccEdAhRd.s:110    .rodata.HAL_PWREx_EnableGPIOPullUp:00000000 $d
C:\Users\BHUPEN~1\AppData\Local\Temp\ccEdAhRd.s:206    .text.HAL_PWREx_EnableGPIOPullUp:0000006c $d
C:\Users\BHUPEN~1\AppData\Local\Temp\ccEdAhRd.s:212    .text.HAL_PWREx_DisableGPIOPullUp:00000000 $t
C:\Users\BHUPEN~1\AppData\Local\Temp\ccEdAhRd.s:219    .text.HAL_PWREx_DisableGPIOPullUp:00000000 HAL_PWREx_DisableGPIOPullUp
C:\Users\BHUPEN~1\AppData\Local\Temp\ccEdAhRd.s:240    .rodata.HAL_PWREx_DisableGPIOPullUp:00000000 $d
C:\Users\BHUPEN~1\AppData\Local\Temp\ccEdAhRd.s:316    .text.HAL_PWREx_DisableGPIOPullUp:0000004c $d
C:\Users\BHUPEN~1\AppData\Local\Temp\ccEdAhRd.s:322    .text.HAL_PWREx_EnableGPIOPullDown:00000000 $t
C:\Users\BHUPEN~1\AppData\Local\Temp\ccEdAhRd.s:329    .text.HAL_PWREx_EnableGPIOPullDown:00000000 HAL_PWREx_EnableGPIOPullDown
C:\Users\BHUPEN~1\AppData\Local\Temp\ccEdAhRd.s:350    .rodata.HAL_PWREx_EnableGPIOPullDown:00000000 $d
C:\Users\BHUPEN~1\AppData\Local\Temp\ccEdAhRd.s:446    .text.HAL_PWREx_EnableGPIOPullDown:0000006c $d
C:\Users\BHUPEN~1\AppData\Local\Temp\ccEdAhRd.s:452    .text.HAL_PWREx_DisableGPIOPullDown:00000000 $t
C:\Users\BHUPEN~1\AppData\Local\Temp\ccEdAhRd.s:459    .text.HAL_PWREx_DisableGPIOPullDown:00000000 HAL_PWREx_DisableGPIOPullDown
C:\Users\BHUPEN~1\AppData\Local\Temp\ccEdAhRd.s:480    .rodata.HAL_PWREx_DisableGPIOPullDown:00000000 $d
C:\Users\BHUPEN~1\AppData\Local\Temp\ccEdAhRd.s:556    .text.HAL_PWREx_DisableGPIOPullDown:0000004c $d
C:\Users\BHUPEN~1\AppData\Local\Temp\ccEdAhRd.s:562    .text.HAL_PWREx_EnablePullUpPullDownConfig:00000000 $t
C:\Users\BHUPEN~1\AppData\Local\Temp\ccEdAhRd.s:569    .text.HAL_PWREx_EnablePullUpPullDownConfig:00000000 HAL_PWREx_EnablePullUpPullDownConfig
C:\Users\BHUPEN~1\AppData\Local\Temp\ccEdAhRd.s:589    .text.HAL_PWREx_EnablePullUpPullDownConfig:00000010 $d
C:\Users\BHUPEN~1\AppData\Local\Temp\ccEdAhRd.s:594    .text.HAL_PWREx_DisablePullUpPullDownConfig:00000000 $t
C:\Users\BHUPEN~1\AppData\Local\Temp\ccEdAhRd.s:601    .text.HAL_PWREx_DisablePullUpPullDownConfig:00000000 HAL_PWREx_DisablePullUpPullDownConfig
C:\Users\BHUPEN~1\AppData\Local\Temp\ccEdAhRd.s:620    .text.HAL_PWREx_DisablePullUpPullDownConfig:0000000c $d
C:\Users\BHUPEN~1\AppData\Local\Temp\ccEdAhRd.s:626    .text.HAL_PWREx_EnableFlashPowerDown:00000000 $t
C:\Users\BHUPEN~1\AppData\Local\Temp\ccEdAhRd.s:633    .text.HAL_PWREx_EnableFlashPowerDown:00000000 HAL_PWREx_EnableFlashPowerDown
C:\Users\BHUPEN~1\AppData\Local\Temp\ccEdAhRd.s:654    .text.HAL_PWREx_EnableFlashPowerDown:0000000c $d
C:\Users\BHUPEN~1\AppData\Local\Temp\ccEdAhRd.s:659    .text.HAL_PWREx_DisableFlashPowerDown:00000000 $t
C:\Users\BHUPEN~1\AppData\Local\Temp\ccEdAhRd.s:666    .text.HAL_PWREx_DisableFlashPowerDown:00000000 HAL_PWREx_DisableFlashPowerDown
C:\Users\BHUPEN~1\AppData\Local\Temp\ccEdAhRd.s:687    .text.HAL_PWREx_DisableFlashPowerDown:0000000c $d
C:\Users\BHUPEN~1\AppData\Local\Temp\ccEdAhRd.s:692    .text.HAL_PWREx_EnterSHUTDOWNMode:00000000 $t
C:\Users\BHUPEN~1\AppData\Local\Temp\ccEdAhRd.s:699    .text.HAL_PWREx_EnterSHUTDOWNMode:00000000 HAL_PWREx_EnterSHUTDOWNMode
C:\Users\BHUPEN~1\AppData\Local\Temp\ccEdAhRd.s:732    .text.HAL_PWREx_EnterSHUTDOWNMode:0000001c $d
C:\Users\BHUPEN~1\AppData\Local\Temp\ccEdAhRd.s:738    .text.HAL_PWREx_BKUPWrite:00000000 $t
C:\Users\BHUPEN~1\AppData\Local\Temp\ccEdAhRd.s:745    .text.HAL_PWREx_BKUPWrite:00000000 HAL_PWREx_BKUPWrite
C:\Users\BHUPEN~1\AppData\Local\Temp\ccEdAhRd.s:774    .text.HAL_PWREx_BKUPWrite:0000000c $d
C:\Users\BHUPEN~1\AppData\Local\Temp\ccEdAhRd.s:779    .text.HAL_PWREx_BKUPRead:00000000 $t
C:\Users\BHUPEN~1\AppData\Local\Temp\ccEdAhRd.s:786    .text.HAL_PWREx_BKUPRead:00000000 HAL_PWREx_BKUPRead
C:\Users\BHUPEN~1\AppData\Local\Temp\ccEdAhRd.s:816    .text.HAL_PWREx_BKUPRead:0000000c $d

NO UNDEFINED SYMBOLS
